============================= test session starts ==============================
platform linux -- Python 3.11.3, pytest-8.0.0, pluggy-1.4.0
rootdir: /home/aweaver/work/predictables
collected 1142 items

<Dir predictables>
  <Package predictables>
    <Package core>
      <Package tests>
        <Module test_UnivariateAnalysis.py>
          <Function test_univariate_analysis_init>
          <Function test_get_file_stem[Univariate Analysis Report.pdf-Default Report-Univariate Analysis Report]>
          <Function test_get_file_stem[UnivariateAnalysisReport-Default Report-UnivariateAnalysisReport]>
          <Function test_get_file_stem[Different Report.pdf-Univariate Analysis Report-Different Report]>
          <Function test_get_file_stem[Complex.Report.Name.pdf-Default Report-Complex.Report.Name]>
          <Function test_get_file_stem[another_report_name-Default Report-another_report_name]>
          <Function test_rpt_filename[analysis-None-None-Univariate Analysis Report-analysis.pdf]>
          <Function test_rpt_filename[report-1-2-Univariate Analysis Report-report_2_3.pdf]>
          <Function test_rpt_filename[None-None-None-Univariate Analysis Report-Univariate Analysis Report]>
          <Function test_rpt_filename[only_stem-1-None-Univariate Analysis Report-only_stem.pdf]>
          <Function test_rpt_filename[only_stem-None-2-Univariate Analysis Report-only_stem.pdf]>
          <Function test_build_desc[100-10-Building 100 univariate analysis reports,and packaging in increments of 10]>
          <Function test_build_desc[50-25-Building 50 univariate analysis reports,and packaging in increments of 25]>
          <Function test_build_desc[1-1-Building 1 univariate analysis reports,and packaging in increments of 1]>
          <Function test_build_desc[0-10-Building 0 univariate analysis reports,and packaging in increments of 10]>
        <Module test_fmt_col_name.py>
          <Function test_fmt_col_name[Total Revenue - 2020-total_revenue_2020]>
          <Function test_fmt_col_name[Net-Profit (After Tax)-net_profit_after_tax]>
    <Package encoding>
      <Package tests>
        <Module test_mean_encoding.py>
          <Function test_mean_encoding_hit_ratio1>
          <Function test_mean_encoding_hit_ratio2>
          <Function test_mean_encoding_hit_ratio3>
    <Package model_analysis>
      <Package tests>
        <Module test_calculate_error_metrics.py>
          <Function test_with_perfect_prediction>
          <Function test_with_poor_prediction>
          <Function test_roc_auc_and_log_loss>
        <Module test_validate_input.py>
          <Function test_validate_input_with_valid_inputs>
          <Function test_validate_input_with_invalid_dataset>
          <Function test_validate_input_with_invalid_model>
    <Package src>
      <Package tests>
        <Module test_utils.py>
          <Function test_to_numpy>
          <Function test_to_polars>
          <Function test_to_pandas>
    <Package univariate>
      <Package src>
        <Package plots>
          <Package tests>
            <Module test_cdf_plot.py>
              <Function test_calculate_cdf[x0-expected0]>
              <Function test_calculate_cdf[x1-expected1]>
              <Function test_calculate_cdf[x2-expected2]>
              <Function test_calculate_cdf[x3-expected3]>
              <Function test_calculate_cdf[x4-expected4]>
              <Function test_calculate_cdf[x5-expected5]>
              <Function test_calculate_cdf[x6-expected6]>
              <Function test_calculate_cdf[x7-expected7]>
              <Function test_calculate_cdf[x8-expected8]>
              <Function test_calculate_cdf[x9-expected9]>
              <Function test_calculate_cdf_invalid_input[x0-The array must not be empty.]>
              <Function test_calculate_cdf_invalid_input[x1-The array must not contain NaNs.]>
              <Function test_calculate_cdf_invalid_input[x2-The array must not contain infs.]>
              <Function test_calculate_cdf_invalid_input[x3-The array must not contain infs.]>
              <Function test_calculate_cdf_invalid_input[x4-The array must not contain non-numeric values.]>
              <Function test_calculate_cdf_invalid_input[x5-The array must not contain non-numeric values.]>
              <Function test_calculate_cdf_invalid_input[x6-The array must not contain non-numeric values.]>
              <Function test_calculate_cdf_invalid_input[x7-The array must not contain non-numeric values.]>
            <Module test_get_bbox.py>
              <Function test_get_bbox_with_valid_label>
              <Function test_get_bbox_with_invalid_label>
              <Function test_get_bbox_with_non_displayed_label>
              <Function test_get_bbox_with_various_text_and_styles[Short-left-0]>
              <Function test_get_bbox_with_various_text_and_styles[Short-left-30]>
              <Function test_get_bbox_with_various_text_and_styles[Short-left-45]>
              <Function test_get_bbox_with_various_text_and_styles[Short-left-60]>
              <Function test_get_bbox_with_various_text_and_styles[Short-left-90]>
              <Function test_get_bbox_with_various_text_and_styles[Short-center-0]>
              <Function test_get_bbox_with_various_text_and_styles[Short-center-30]>
              <Function test_get_bbox_with_various_text_and_styles[Short-center-45]>
              <Function test_get_bbox_with_various_text_and_styles[Short-center-60]>
              <Function test_get_bbox_with_various_text_and_styles[Short-center-90]>
              <Function test_get_bbox_with_various_text_and_styles[Short-right-0]>
              <Function test_get_bbox_with_various_text_and_styles[Short-right-30]>
              <Function test_get_bbox_with_various_text_and_styles[Short-right-45]>
              <Function test_get_bbox_with_various_text_and_styles[Short-right-60]>
              <Function test_get_bbox_with_various_text_and_styles[Short-right-90]>
              <Function test_get_bbox_with_various_text_and_styles[A longer text label-left-0]>
              <Function test_get_bbox_with_various_text_and_styles[A longer text label-left-30]>
              <Function test_get_bbox_with_various_text_and_styles[A longer text label-left-45]>
              <Function test_get_bbox_with_various_text_and_styles[A longer text label-left-60]>
              <Function test_get_bbox_with_various_text_and_styles[A longer text label-left-90]>
              <Function test_get_bbox_with_various_text_and_styles[A longer text label-center-0]>
              <Function test_get_bbox_with_various_text_and_styles[A longer text label-center-30]>
              <Function test_get_bbox_with_various_text_and_styles[A longer text label-center-45]>
              <Function test_get_bbox_with_various_text_and_styles[A longer text label-center-60]>
              <Function test_get_bbox_with_various_text_and_styles[A longer text label-center-90]>
              <Function test_get_bbox_with_various_text_and_styles[A longer text label-right-0]>
              <Function test_get_bbox_with_various_text_and_styles[A longer text label-right-30]>
              <Function test_get_bbox_with_various_text_and_styles[A longer text label-right-45]>
              <Function test_get_bbox_with_various_text_and_styles[A longer text label-right-60]>
              <Function test_get_bbox_with_various_text_and_styles[A longer text label-right-90]>
              <Function test_get_bbox_with_various_text_and_styles[The longest text label anyone will ever use or even possibly need for testing purposes-left-0]>
              <Function test_get_bbox_with_various_text_and_styles[The longest text label anyone will ever use or even possibly need for testing purposes-left-30]>
              <Function test_get_bbox_with_various_text_and_styles[The longest text label anyone will ever use or even possibly need for testing purposes-left-45]>
              <Function test_get_bbox_with_various_text_and_styles[The longest text label anyone will ever use or even possibly need for testing purposes-left-60]>
              <Function test_get_bbox_with_various_text_and_styles[The longest text label anyone will ever use or even possibly need for testing purposes-left-90]>
              <Function test_get_bbox_with_various_text_and_styles[The longest text label anyone will ever use or even possibly need for testing purposes-center-0]>
              <Function test_get_bbox_with_various_text_and_styles[The longest text label anyone will ever use or even possibly need for testing purposes-center-30]>
              <Function test_get_bbox_with_various_text_and_styles[The longest text label anyone will ever use or even possibly need for testing purposes-center-45]>
              <Function test_get_bbox_with_various_text_and_styles[The longest text label anyone will ever use or even possibly need for testing purposes-center-60]>
              <Function test_get_bbox_with_various_text_and_styles[The longest text label anyone will ever use or even possibly need for testing purposes-center-90]>
              <Function test_get_bbox_with_various_text_and_styles[The longest text label anyone will ever use or even possibly need for testing purposes-right-0]>
              <Function test_get_bbox_with_various_text_and_styles[The longest text label anyone will ever use or even possibly need for testing purposes-right-30]>
              <Function test_get_bbox_with_various_text_and_styles[The longest text label anyone will ever use or even possibly need for testing purposes-right-45]>
              <Function test_get_bbox_with_various_text_and_styles[The longest text label anyone will ever use or even possibly need for testing purposes-right-60]>
              <Function test_get_bbox_with_various_text_and_styles[The longest text label anyone will ever use or even possibly need for testing purposes-right-90]>
              <Function test_get_bbox_with_automatic_tick_labels[0]>
              <Function test_get_bbox_with_automatic_tick_labels[30]>
              <Function test_get_bbox_with_automatic_tick_labels[45]>
              <Function test_get_bbox_with_automatic_tick_labels[60]>
              <Function test_get_bbox_with_automatic_tick_labels[90]>
            <Module test_get_rc_params.py>
              <Function test_get_rc_params[font.size-12]>
              <Function test_get_rc_params[axes.titlesize-16]>
              <Function test_get_rc_params[axes.labelsize-14]>
              <Function test_get_rc_params[xtick.labelsize-14]>
              <Function test_get_rc_params[ytick.labelsize-14]>
              <Function test_get_rc_params[figure.titlesize-16]>
              <Function test_get_rc_params[figure.figsize-expected6]>
              <Function test_get_rc_params[figure.dpi-150]>
            <Module test_plot_label.py>
              <Function test_plot_label_with_spaces>
              <Function test_plot_label_with_underscores>
              <Function test_plot_label_with_brackets>
              <Function test_plot_label_with_empty_string>
              <Function test_plot_label_with_single_character>
            <Module test_rocCurvePlot_aucVariance.py>
              <Function test_empirical_auc_variance_basic>
              <Function test_empirical_auc_variance_correct_calculation>
              <Function test_invalid_inputs[y0-yhat_proba0-fold0]>
              <Function test_invalid_inputs[y1-yhat_proba1-fold1]>
              <Function test_empirical_auc_variance_with_bootstrapping>
              <Function test_imbalanced_classes_in_fold>
              <Function test_large_data_performance>
              <Function test_handling_non_numeric_missing_values[y_mod0-yhat_proba_mod0-fold_mod0]>
              <Function test_handling_non_numeric_missing_values[y_mod1-yhat_proba_mod1-fold_mod1]>
              <Function test_handling_non_numeric_missing_values[y_mod2-yhat_proba_mod2-fold_mod2]>
              <Function test_handling_non_numeric_missing_values[y_mod3-yhat_proba_mod3-fold_mod3]>
              <Function test_skewed_probability_distributions[0.99]>
              <Function test_skewed_probability_distributions[0.01]>
              <Function test_perfect_separation[perfect_separation0]>
              <Function test_perfect_separation[perfect_separation1]>
              <Function test_empirical_auc_variance_multi_fold>
            <Module test_rocCurvePlot_delongTestAgainstChance.py>
              <Function test_delong_test_against_chance_basic>
              <Function test_delong_test_against_chance_known_values>
              <Function test_delong_test_gives_significant_estimate>
              <Function test_delong_test_random_prediction>
              <Function test_delong_test_constant_predictions[0]>
              <Function test_delong_test_constant_predictions[0.5]>
              <Function test_delong_test_constant_predictions[1]>
              <Function test_delong_test_invalid_inputs>
              <Function test_delong_test_cross_validation_consistency[p0-n_folds0]>
              <Function test_delong_test_cross_validation_consistency[p0-n_folds1]>
              <Function test_delong_test_cross_validation_consistency[p1-n_folds0]>
              <Function test_delong_test_cross_validation_consistency[p1-n_folds1]>
              <Function test_delong_test_cross_validation_consistency[p2-n_folds0]>
              <Function test_delong_test_cross_validation_consistency[p2-n_folds1]>
      <Package tests>
        <Module test_extract_model_params.py>
          <Function test_extract_model_params_sm_OLS>
          <Function test_extract_model_params_sm_GLM>
          <Function test_extract_model_params_sk_LogisticRegression>
          <Function test_extract_model_params_sk_LinearRegression>
        <Module test_fit_sk_linear_regression.py>
          <Function test_fit_sk_linear_regression_type[X0-y0]>
          <Function test_fit_sk_linear_regression_type[X1-y1]>
          <Function test_fit_sk_linear_regression_type[X2-y2]>
          <Function test_fit_sk_linear_regression_type[X3-y3]>
          <Function test_fit_sk_linear_regression_type[X4-y4]>
          <Function test_fit_sk_linear_regression_type[X5-y5]>
          <Function test_fit_sk_linear_regression_type[X6-y6]>
          <Function test_fit_sk_linear_regression_type[X7-y7]>
          <Function test_fit_sk_linear_regression_type[X8-y8]>
          <Function test_fit_sk_linear_regression_type[X9-y9]>
          <Function test_fit_sk_linear_regression_type[X10-y10]>
          <Function test_fit_sk_linear_regression_type[X11-y11]>
          <Function test_fit_sk_linear_regression_coef[X0-y0]>
          <Function test_fit_sk_linear_regression_coef[X1-y1]>
          <Function test_fit_sk_linear_regression_coef[X2-y2]>
          <Function test_fit_sk_linear_regression_coef[X3-y3]>
          <Function test_fit_sk_linear_regression_coef[X4-y4]>
          <Function test_fit_sk_linear_regression_coef[X5-y5]>
          <Function test_fit_sk_linear_regression_coef[X6-y6]>
          <Function test_fit_sk_linear_regression_coef[X7-y7]>
          <Function test_fit_sk_linear_regression_coef[X8-y8]>
          <Function test_fit_sk_linear_regression_coef[X9-y9]>
          <Function test_fit_sk_linear_regression_coef[X10-y10]>
          <Function test_fit_sk_linear_regression_coef[X11-y11]>
          <Function test_input_validation_sk_linear_regression_coef>
        <Module test_fit_sk_logistic_regression.py>
          <Function test_fit_sk_logistic_regression_type[X0-y0]>
          <Function test_fit_sk_logistic_regression_type[X1-y1]>
          <Function test_fit_sk_logistic_regression_type[X2-y2]>
          <Function test_fit_sk_logistic_regression_type[X3-y3]>
          <Function test_fit_sk_logistic_regression_type[X4-y4]>
          <Function test_fit_sk_logistic_regression_type[X5-y5]>
          <Function test_fit_sk_logistic_regression_type[X6-y6]>
          <Function test_fit_sk_logistic_regression_type[X7-y7]>
          <Function test_fit_sk_logistic_regression_type[X8-y8]>
          <Function test_fit_sk_logistic_regression_type[X9-y9]>
          <Function test_fit_sk_logistic_regression_type[X10-y10]>
          <Function test_fit_sk_logistic_regression_type[X11-y11]>
          <Function test_fit_sk_logistic_regression_coef[X0-y0]>
          <Function test_fit_sk_logistic_regression_coef[X1-y1]>
          <Function test_fit_sk_logistic_regression_coef[X2-y2]>
          <Function test_fit_sk_logistic_regression_coef[X3-y3]>
          <Function test_fit_sk_logistic_regression_coef[X4-y4]>
          <Function test_fit_sk_logistic_regression_coef[X5-y5]>
          <Function test_fit_sk_logistic_regression_coef[X6-y6]>
          <Function test_fit_sk_logistic_regression_coef[X7-y7]>
          <Function test_fit_sk_logistic_regression_coef[X8-y8]>
          <Function test_fit_sk_logistic_regression_coef[X9-y9]>
          <Function test_fit_sk_logistic_regression_coef[X10-y10]>
          <Function test_fit_sk_logistic_regression_coef[X11-y11]>
        <Module test_fit_sm_linear_regression.py>
          <Function test_fit_sm_linear_regression_type[X0-y0]>
          <Function test_fit_sm_linear_regression_type[X1-y1]>
          <Function test_fit_sm_linear_regression_type[X2-y2]>
          <Function test_fit_sm_linear_regression_type[X3-y3]>
          <Function test_fit_sm_linear_regression_type[X4-y4]>
          <Function test_fit_sm_linear_regression_type[X5-y5]>
          <Function test_fit_sm_linear_regression_type[X6-y6]>
          <Function test_fit_sm_linear_regression_type[X7-y7]>
          <Function test_fit_sm_linear_regression_type[X8-y8]>
          <Function test_fit_sm_linear_regression_type[X9-y9]>
          <Function test_fit_sm_linear_regression_type[X10-y10]>
          <Function test_fit_sm_linear_regression_type[X11-y11]>
          <Function test_fit_sm_linear_regression_coef[X0-y0-False]>
          <Function test_fit_sm_linear_regression_coef[X1-y1-False]>
          <Function test_fit_sm_linear_regression_coef[X2-y2-False]>
          <Function test_fit_sm_linear_regression_coef[X3-y3-False]>
          <Function test_fit_sm_linear_regression_coef[X4-y4-False]>
          <Function test_fit_sm_linear_regression_coef[X5-y5-False]>
          <Function test_fit_sm_linear_regression_coef[X6-y6-True]>
          <Function test_fit_sm_linear_regression_coef[X7-y7-True]>
          <Function test_fit_sm_linear_regression_coef[X8-y8-False]>
          <Function test_fit_sm_linear_regression_coef[X9-y9-False]>
          <Function test_fit_sm_linear_regression_coef[X10-y10-False]>
          <Function test_fit_sm_linear_regression_coef[X11-y11-True]>
        <Module test_fit_sm_logistic_regression.py>
          <Function test_fit_sm_logistic_regression_type[X0-y0]>
          <Function test_fit_sm_logistic_regression_type[X1-y1]>
          <Function test_fit_sm_logistic_regression_type[X2-y2]>
          <Function test_fit_sm_logistic_regression_type[X3-y3]>
          <Function test_fit_sm_logistic_regression_type[X4-y4]>
          <Function test_fit_sm_logistic_regression_type[X5-y5]>
          <Function test_fit_sm_logistic_regression_type[X6-y6]>
          <Function test_fit_sm_logistic_regression_type[X7-y7]>
          <Function test_fit_sm_logistic_regression_type[X8-y8]>
          <Function test_fit_sm_logistic_regression_type[X9-y9]>
          <Function test_fit_sm_logistic_regression_type[X10-y10]>
          <Function test_fit_sm_logistic_regression_type[X11-y11]>
          <Function test_fit_sm_logistic_regression_coef[X0-y0]>
          <Function test_fit_sm_logistic_regression_coef[X1-y1]>
          <Function test_fit_sm_logistic_regression_coef[X2-y2]>
          <Function test_fit_sm_logistic_regression_coef[X3-y3]>
          <Function test_fit_sm_logistic_regression_coef[X4-y4]>
          <Function test_fit_sm_logistic_regression_coef[X5-y5]>
          <Function test_fit_sm_logistic_regression_coef[X6-y6]>
          <Function test_fit_sm_logistic_regression_coef[X7-y7]>
          <Function test_fit_sm_logistic_regression_coef[X8-y8]>
          <Function test_fit_sm_logistic_regression_coef[X9-y9]>
          <Function test_fit_sm_logistic_regression_coef[X10-y10]>
          <Function test_fit_sm_logistic_regression_coef[X11-y11]>
        <Module test_get_data.py>
          <Function test_filter_df_for_cv_train_valid_input>
          <Function test_filter_df_for_cv_test_valid_input>
          <Function test_filter_df_for_cv_valid_input[train-1 2 4 5-A B D E]>
          <Function test_filter_df_for_cv_valid_input[test-3 3-C c1]>
          <Function test_filter_df_for_cv_valid_input[all-1 2 3 3 4 5-A B C c1 D E]>
          <Function test_filter_df_for_cv_train_invalid_input[1-invalid_col-No column in the DataFrame called 'invalid_col']>
          <Function test_filter_df_for_cv_train_invalid_input[invalid_fold-fold_col-invalid_fold is not a named cv fold in the DataFrame.]>
          <Function test_filter_df_for_cv_train_invalid_input[invalid_fold-invalid_col-No column in the DataFrame called 'invalid_col']>
          <Function test_filter_df_for_cv_test_invalid_input[1-invalid_col-No column in the DataFrame called 'invalid_col']>
          <Function test_filter_df_for_cv_test_invalid_input[invalid_fold-fold_col-invalid_fold is not a named cv fold in the DataFrame.]>
          <Function test_filter_df_for_cv_test_invalid_input[invalid_fold-invalid_col-No column in the DataFrame called 'invalid_col']>
          <Function test_filter_df_for_cv_invalid_input[1-invalid_col-train-No column in the DataFrame called 'invalid_col']>
          <Function test_filter_df_for_cv_invalid_input[1-invalid_col-test-No column in the DataFrame called 'invalid_col']>
          <Function test_filter_df_for_cv_invalid_input[1-invalid_col-all-No column in the DataFrame called 'invalid_col']>
          <Function test_filter_df_for_cv_invalid_input[invalid_fold-fold_col-train-invalid_fold is not a named cv fold in the DataFrame.]>
          <Function test_filter_df_for_cv_invalid_input[invalid_fold-fold_col-test-invalid_fold is not a named cv fold in the DataFrame.]>
          <Function test_filter_df_for_cv_invalid_input[invalid_fold-fold_col-all-invalid_fold is not a named cv fold in the DataFrame.]>
          <Function test_filter_df_for_cv_invalid_input[invalid_fold-invalid_col-train-No column in the DataFrame called 'invalid_col']>
          <Function test_filter_df_for_cv_invalid_input[invalid_fold-invalid_col-test-No column in the DataFrame called 'invalid_col']>
          <Function test_filter_df_for_cv_invalid_input[invalid_fold-invalid_col-all-No column in the DataFrame called 'invalid_col']>
          <Function test_filter_df_for_train_test_all>
          <Function test_filter_df_for_train_test_train>
          <Function test_filter_df_for_train_test_test>
          <Function test_filter_df_for_train_test_invalid_data>
        <Module test_remove_missing_rows.py>
          <Function test_remove_missing_rows>
          <Function test_remove_missing_rows_no_missing_values>
          <Function test_remove_missing_rows_all_missing_values>
    <Package util>
      <Package report>
        <Dir tests>
          <Module test_copy.py>
            <Function test_report_shallow_copy>
            <Function test_report_deep_copy>
          <Module test_heading.py>
            <Function test_heading_valid_attributes[h1-style0-Heading 1-1]>
            <Function test_heading_valid_attributes[h2-style1-Heading 2-2]>
            <Function test_heading_valid_attributes[h3-style2-Heading 3-3]>
            <Function test_heading_valid_attributes[h4-style3-Heading 4-4]>
            <Function test_heading_valid_attributes[h5-style4-Heading 5-5]>
            <Function test_heading_valid_attributes[h6-style5-Heading 6-6]>
          <Module test_init.py>
            <Function test_report_init_default>
            <Function test_report_init_custom_margins[margins0-expected0]>
            <Function test_report_init_custom_margins[margins1-expected1]>
            <Function test_report_init_custom_dpi[100-100]>
            <Function test_report_init_custom_dpi[300-300]>
            <Function test_report_init_custom_pagesize[pagesize0-expected0]>
            <Function test_report_init_custom_pagesize[pagesize1-expected1]>
            <Function test_report_init_incorrect_margins_length>
          <Module test_segment_features_for_report.py>
            <Function test_segment_features_for_report[5-4-5]>
            <Function test_segment_features_for_report[10-2-10]>
            <Function test_segment_features_for_report[20-1-20]>
            <Function test_segment_features_for_report[25-1-20]>
            <Function test_segment_features_for_report[1-20-1]>
            <Function test_segment_features_for_report_edge_cases[features0-0]>
            <Function test_segment_features_for_report_edge_cases[features1--1]>
            <Function test_segment_initialization_error[1-2-features0-2]>
            <Function test_segment_initialization_error[1-3-features1-3]>
            <Function test_segment_initialization_error[2-1-features2-2]>
            <Function test_segment_initialization_error[0-2-features3-2]>
            <Function test_segment_initialization_error[1-2-features4--1]>
            <Function test_segment_initialization_error[1-2-features5-0]>
            <Function test_segment_initialization_error[1-1-features6-1]>
            <Function test_segment_repr_and_str[1-3-3-Segment(start=0, end=2, n_features=3)]>
            <Function test_segment_repr_and_str[1-1-1-Segment(start=0, n_features=1)]>
            <Function test_segment_repr_and_str[1-2-2-Segment(start=0, end=1, n_features=2)]>
            <Function test_segment_repr_and_str[2-3-2-Segment(start=1, end=2, n_features=2)]>
            <Function test_segment_initialization_type_error[1-2-features0-2]>
            <Function test_segment_initialization_type_error[1-2-features1-2]>
            <Function test_segment_initialization_type_error[1-2-abc-3]>
            <Function test_segment_initialization_type_error[1-2-features3-2]>
            <Function test_segment_features_boundary_conditions[20-1-expected_segment_sizes0]>
            <Function test_segment_features_boundary_conditions[21-1-expected_segment_sizes1]>
            <Function test_segment_features_boundary_conditions[19-2-expected_segment_sizes2]>
          <Module test_set.py>
            <Function test_set_valid_attributes[filename-new_filename.pdf]>
            <Function test_set_valid_attributes[pagesize-value1]>
            <Function test_set_valid_attributes[title-New Title]>
            <Function test_set_valid_attributes[author-New Author]>
            <Function test_set_valid_attributes[subject-New Subject]>
            <Function test_set_valid_attributes[creator-New Creator]>
            <Function test_set_valid_attributes[leftMargin-100]>
            <Function test_set_valid_attributes[rightMargin-100]>
            <Function test_set_valid_attributes[topMargin-100]>
            <Function test_set_valid_attributes[bottomMargin-100]>
            <Function test_set_invalid_attributes[not_a_numeric_attribute-123]>
            <Function test_set_invalid_attributes[not_a_string_attribute-123]>
            <Function test_set_invalid_attributes[not_a_boolean_attribute-True]>
            <Function test_set_returns_self[filename-new_filename.pdf]>
            <Function test_set_returns_self[pagesize-value1]>
            <Function test_set_returns_self[title-New Title]>
            <Function test_set_returns_self[author-New Author]>
            <Function test_set_returns_self[subject-New Subject]>
            <Function test_set_returns_self[creator-New Creator]>
            <Function test_set_returns_self[leftMargin-100]>
            <Function test_set_returns_self[rightMargin-100]>
            <Function test_set_returns_self[topMargin-100]>
            <Function test_set_returns_self[bottomMargin-100]>
          <Module test_style.py>
            <Function test_style_updates_valid_attributes[h1-style0]>
            <Function test_style_updates_valid_attributes[h2-style1]>
            <Function test_style_updates_valid_attributes[h3-style2]>
            <Function test_style_updates_valid_attributes[h4-style3]>
            <Function test_style_updates_valid_attributes[h5-style4]>
            <Function test_style_updates_valid_attributes[h6-style5]>
            <Function test_style_invalid_attributes>
            <Function test_style_returns_self>
      <Package src>
        <Package tests>
          <Module test_ProgrammingLanguage.py>
            <Function test_from_string_valid_input[valid_input0]>
            <Function test_from_string_valid_input[valid_input1]>
            <Function test_from_string_valid_input[valid_input2]>
            <Function test_from_string_valid_input[valid_input3]>
            <Function test_from_string_valid_input[valid_input4]>
            <Function test_from_string_valid_input[valid_input5]>
            <Function test_from_string_valid_input[valid_input6]>
            <Function test_from_string_valid_input[valid_input7]>
            <Function test_from_string_valid_input[valid_input8]>
            <Function test_from_string_valid_input[valid_input9]>
            <Function test_from_string_valid_input[valid_input10]>
            <Function test_from_string_valid_input[valid_input11]>
            <Function test_from_string_valid_input[valid_input12]>
            <Function test_from_string_valid_input[valid_input13]>
            <Function test_from_string_valid_input[valid_input14]>
            <Function test_from_string_valid_input[valid_input15]>
            <Function test_from_string_valid_input[valid_input16]>
            <Function test_from_string_valid_input[valid_input17]>
            <Function test_from_string_valid_input[valid_input18]>
            <Function test_from_string_valid_input[valid_input19]>
            <Function test_from_string_valid_input[valid_input20]>
            <Function test_from_string_valid_input[valid_input21]>
            <Function test_from_string_valid_input[valid_input22]>
            <Function test_from_string_valid_input[valid_input23]>
            <Function test_from_string_valid_input[valid_input24]>
            <Function test_from_string_valid_input[valid_input25]>
            <Function test_from_string_valid_input[valid_input26]>
            <Function test_from_string_valid_input[valid_input27]>
            <Function test_from_string_valid_input[valid_input28]>
            <Function test_from_string_valid_input[valid_input29]>
            <Function test_from_string_valid_input[valid_input30]>
            <Function test_from_string_valid_input[valid_input31]>
            <Function test_from_string_valid_input[valid_input32]>
            <Function test_from_string_valid_input[valid_input33]>
            <Function test_from_string_valid_input[valid_input34]>
            <Function test_from_string_valid_input[valid_input35]>
            <Function test_from_string_valid_input[valid_input36]>
            <Function test_from_string_valid_input[valid_input37]>
            <Function test_from_string_valid_input[valid_input38]>
            <Function test_from_string_valid_input[valid_input39]>
            <Function test_from_string_valid_input[valid_input40]>
            <Function test_from_string_valid_input[valid_input41]>
            <Function test_from_string_valid_input[valid_input42]>
            <Function test_from_string_valid_input[valid_input43]>
            <Function test_from_string_valid_input[valid_input44]>
            <Function test_from_string_valid_input[valid_input45]>
            <Function test_from_string_valid_input[valid_input46]>
            <Function test_from_string_valid_input[valid_input47]>
            <Function test_from_string_valid_input[valid_input48]>
            <Function test_from_string_valid_input[valid_input49]>
            <Function test_from_string_valid_input[valid_input50]>
            <Function test_from_string_valid_input[valid_input51]>
            <Function test_from_string_valid_input[valid_input52]>
            <Function test_from_string_valid_input[valid_input53]>
            <Function test_from_string_valid_input[valid_input54]>
            <Function test_from_string_valid_input[valid_input55]>
            <Function test_from_string_valid_input[valid_input56]>
            <Function test_from_string_valid_input[valid_input57]>
            <Function test_from_string_valid_input[valid_input58]>
            <Function test_from_string_valid_input[valid_input59]>
            <Function test_from_string_valid_input[valid_input60]>
            <Function test_from_string_valid_input[valid_input61]>
            <Function test_from_string_valid_input[valid_input62]>
            <Function test_from_string_valid_input[valid_input63]>
            <Function test_from_string_valid_input[valid_input64]>
            <Function test_from_string_valid_input[valid_input65]>
            <Function test_from_string_valid_input[valid_input66]>
            <Function test_from_string_valid_input[valid_input67]>
            <Function test_from_string_valid_input[valid_input68]>
            <Function test_from_string_valid_input[valid_input69]>
            <Function test_from_string_valid_input[valid_input70]>
            <Function test_from_string_valid_input[valid_input71]>
            <Function test_from_string_valid_input[valid_input72]>
            <Function test_from_string_valid_input[valid_input73]>
            <Function test_from_string_valid_input[valid_input74]>
            <Function test_from_string_valid_input[valid_input75]>
            <Function test_from_string_valid_input[valid_input76]>
            <Function test_from_string_valid_input[valid_input77]>
            <Function test_from_string_valid_input[valid_input78]>
            <Function test_from_string_invalid_input[not a language]>
            <Function test_from_string_invalid_input[123]>
            <Function test_from_string_invalid_input[]>
            <Function test_from_string_invalid_input[ ]>
            <Function test_from_string_invalid_input[None]>
          <Module test_code.py>
            <Function test_read_file_code_invalid[non_existent_file.py]>
            <Function test_read_file_code_invalid[incorrect/path/to/file.py]>
            <Function test_get_functions_from_file[empty_file.py-expected_output0]>
            <Function test_get_functions_from_file[no_functions.py-expected_output1]>
            <Function test_get_files_from_folder[folder_contents0-None-expected_output0]>
            <Function test_get_files_from_folder[folder_contents1-None-expected_output1]>
            <Function test_get_files_from_folder[folder_contents2-py-expected_output2]>
            <Function test_get_files_from_folder[folder_contents3-txt-expected_output3]>
            <Function test_get_files_from_folder[folder_contents4-md-expected_output4]>
          <Module test_filter_by_cv_fold.py>
            <Function test_filter_by_cv_fold_ts[pandas-pandas-pandas-1-train-expected0]>
            <Function test_filter_by_cv_fold_ts[pandas-pandas-pandas-1-test-expected1]>
            <Function test_filter_by_cv_fold_ts[pandas-pandas-pandas-2-train-expected2]>
            <Function test_filter_by_cv_fold_ts[pandas-pandas-pandas-2-test-expected3]>
            <Function test_filter_by_cv_fold_ts[pandas-pandas-pandas-3-train-expected4]>
            <Function test_filter_by_cv_fold_ts[pandas-pandas-pandas-3-test-expected5]>
            <Function test_filter_by_cv_fold_ts[pandas-pandas-pandas-4-train-expected6]>
            <Function test_filter_by_cv_fold_ts[pandas-pandas-pandas-4-test-expected7]>
            <Function test_filter_by_cv_fold_ts[pandas-pandas-pandas-5-train-expected8]>
            <Function test_filter_by_cv_fold_ts[pandas-pandas-pandas-5-test-expected9]>
            <Function test_filter_by_cv_fold_ts[pandas-pandas-polars-1-train-expected0]>
            <Function test_filter_by_cv_fold_ts[pandas-pandas-polars-1-test-expected1]>
            <Function test_filter_by_cv_fold_ts[pandas-pandas-polars-2-train-expected2]>
            <Function test_filter_by_cv_fold_ts[pandas-pandas-polars-2-test-expected3]>
            <Function test_filter_by_cv_fold_ts[pandas-pandas-polars-3-train-expected4]>
            <Function test_filter_by_cv_fold_ts[pandas-pandas-polars-3-test-expected5]>
            <Function test_filter_by_cv_fold_ts[pandas-pandas-polars-4-train-expected6]>
            <Function test_filter_by_cv_fold_ts[pandas-pandas-polars-4-test-expected7]>
            <Function test_filter_by_cv_fold_ts[pandas-pandas-polars-5-train-expected8]>
            <Function test_filter_by_cv_fold_ts[pandas-pandas-polars-5-test-expected9]>
            <Function test_filter_by_cv_fold_ts[pandas-pandas-numpy-1-train-expected0]>
            <Function test_filter_by_cv_fold_ts[pandas-pandas-numpy-1-test-expected1]>
            <Function test_filter_by_cv_fold_ts[pandas-pandas-numpy-2-train-expected2]>
            <Function test_filter_by_cv_fold_ts[pandas-pandas-numpy-2-test-expected3]>
            <Function test_filter_by_cv_fold_ts[pandas-pandas-numpy-3-train-expected4]>
            <Function test_filter_by_cv_fold_ts[pandas-pandas-numpy-3-test-expected5]>
            <Function test_filter_by_cv_fold_ts[pandas-pandas-numpy-4-train-expected6]>
            <Function test_filter_by_cv_fold_ts[pandas-pandas-numpy-4-test-expected7]>
            <Function test_filter_by_cv_fold_ts[pandas-pandas-numpy-5-train-expected8]>
            <Function test_filter_by_cv_fold_ts[pandas-pandas-numpy-5-test-expected9]>
            <Function test_filter_by_cv_fold_ts[pandas-polars-pandas-1-train-expected0]>
            <Function test_filter_by_cv_fold_ts[pandas-polars-pandas-1-test-expected1]>
            <Function test_filter_by_cv_fold_ts[pandas-polars-pandas-2-train-expected2]>
            <Function test_filter_by_cv_fold_ts[pandas-polars-pandas-2-test-expected3]>
            <Function test_filter_by_cv_fold_ts[pandas-polars-pandas-3-train-expected4]>
            <Function test_filter_by_cv_fold_ts[pandas-polars-pandas-3-test-expected5]>
            <Function test_filter_by_cv_fold_ts[pandas-polars-pandas-4-train-expected6]>
            <Function test_filter_by_cv_fold_ts[pandas-polars-pandas-4-test-expected7]>
            <Function test_filter_by_cv_fold_ts[pandas-polars-pandas-5-train-expected8]>
            <Function test_filter_by_cv_fold_ts[pandas-polars-pandas-5-test-expected9]>
            <Function test_filter_by_cv_fold_ts[pandas-polars-polars-1-train-expected0]>
            <Function test_filter_by_cv_fold_ts[pandas-polars-polars-1-test-expected1]>
            <Function test_filter_by_cv_fold_ts[pandas-polars-polars-2-train-expected2]>
            <Function test_filter_by_cv_fold_ts[pandas-polars-polars-2-test-expected3]>
            <Function test_filter_by_cv_fold_ts[pandas-polars-polars-3-train-expected4]>
            <Function test_filter_by_cv_fold_ts[pandas-polars-polars-3-test-expected5]>
            <Function test_filter_by_cv_fold_ts[pandas-polars-polars-4-train-expected6]>
            <Function test_filter_by_cv_fold_ts[pandas-polars-polars-4-test-expected7]>
            <Function test_filter_by_cv_fold_ts[pandas-polars-polars-5-train-expected8]>
            <Function test_filter_by_cv_fold_ts[pandas-polars-polars-5-test-expected9]>
            <Function test_filter_by_cv_fold_ts[pandas-polars-numpy-1-train-expected0]>
            <Function test_filter_by_cv_fold_ts[pandas-polars-numpy-1-test-expected1]>
            <Function test_filter_by_cv_fold_ts[pandas-polars-numpy-2-train-expected2]>
            <Function test_filter_by_cv_fold_ts[pandas-polars-numpy-2-test-expected3]>
            <Function test_filter_by_cv_fold_ts[pandas-polars-numpy-3-train-expected4]>
            <Function test_filter_by_cv_fold_ts[pandas-polars-numpy-3-test-expected5]>
            <Function test_filter_by_cv_fold_ts[pandas-polars-numpy-4-train-expected6]>
            <Function test_filter_by_cv_fold_ts[pandas-polars-numpy-4-test-expected7]>
            <Function test_filter_by_cv_fold_ts[pandas-polars-numpy-5-train-expected8]>
            <Function test_filter_by_cv_fold_ts[pandas-polars-numpy-5-test-expected9]>
            <Function test_filter_by_cv_fold_ts[pandas-numpy-pandas-1-train-expected0]>
            <Function test_filter_by_cv_fold_ts[pandas-numpy-pandas-1-test-expected1]>
            <Function test_filter_by_cv_fold_ts[pandas-numpy-pandas-2-train-expected2]>
            <Function test_filter_by_cv_fold_ts[pandas-numpy-pandas-2-test-expected3]>
            <Function test_filter_by_cv_fold_ts[pandas-numpy-pandas-3-train-expected4]>
            <Function test_filter_by_cv_fold_ts[pandas-numpy-pandas-3-test-expected5]>
            <Function test_filter_by_cv_fold_ts[pandas-numpy-pandas-4-train-expected6]>
            <Function test_filter_by_cv_fold_ts[pandas-numpy-pandas-4-test-expected7]>
            <Function test_filter_by_cv_fold_ts[pandas-numpy-pandas-5-train-expected8]>
            <Function test_filter_by_cv_fold_ts[pandas-numpy-pandas-5-test-expected9]>
            <Function test_filter_by_cv_fold_ts[pandas-numpy-polars-1-train-expected0]>
            <Function test_filter_by_cv_fold_ts[pandas-numpy-polars-1-test-expected1]>
            <Function test_filter_by_cv_fold_ts[pandas-numpy-polars-2-train-expected2]>
            <Function test_filter_by_cv_fold_ts[pandas-numpy-polars-2-test-expected3]>
            <Function test_filter_by_cv_fold_ts[pandas-numpy-polars-3-train-expected4]>
            <Function test_filter_by_cv_fold_ts[pandas-numpy-polars-3-test-expected5]>
            <Function test_filter_by_cv_fold_ts[pandas-numpy-polars-4-train-expected6]>
            <Function test_filter_by_cv_fold_ts[pandas-numpy-polars-4-test-expected7]>
            <Function test_filter_by_cv_fold_ts[pandas-numpy-polars-5-train-expected8]>
            <Function test_filter_by_cv_fold_ts[pandas-numpy-polars-5-test-expected9]>
            <Function test_filter_by_cv_fold_ts[pandas-numpy-numpy-1-train-expected0]>
            <Function test_filter_by_cv_fold_ts[pandas-numpy-numpy-1-test-expected1]>
            <Function test_filter_by_cv_fold_ts[pandas-numpy-numpy-2-train-expected2]>
            <Function test_filter_by_cv_fold_ts[pandas-numpy-numpy-2-test-expected3]>
            <Function test_filter_by_cv_fold_ts[pandas-numpy-numpy-3-train-expected4]>
            <Function test_filter_by_cv_fold_ts[pandas-numpy-numpy-3-test-expected5]>
            <Function test_filter_by_cv_fold_ts[pandas-numpy-numpy-4-train-expected6]>
            <Function test_filter_by_cv_fold_ts[pandas-numpy-numpy-4-test-expected7]>
            <Function test_filter_by_cv_fold_ts[pandas-numpy-numpy-5-train-expected8]>
            <Function test_filter_by_cv_fold_ts[pandas-numpy-numpy-5-test-expected9]>
            <Function test_filter_by_cv_fold_ts[polars-pandas-pandas-1-train-expected0]>
            <Function test_filter_by_cv_fold_ts[polars-pandas-pandas-1-test-expected1]>
            <Function test_filter_by_cv_fold_ts[polars-pandas-pandas-2-train-expected2]>
            <Function test_filter_by_cv_fold_ts[polars-pandas-pandas-2-test-expected3]>
            <Function test_filter_by_cv_fold_ts[polars-pandas-pandas-3-train-expected4]>
            <Function test_filter_by_cv_fold_ts[polars-pandas-pandas-3-test-expected5]>
            <Function test_filter_by_cv_fold_ts[polars-pandas-pandas-4-train-expected6]>
            <Function test_filter_by_cv_fold_ts[polars-pandas-pandas-4-test-expected7]>
            <Function test_filter_by_cv_fold_ts[polars-pandas-pandas-5-train-expected8]>
            <Function test_filter_by_cv_fold_ts[polars-pandas-pandas-5-test-expected9]>
            <Function test_filter_by_cv_fold_ts[polars-pandas-polars-1-train-expected0]>
            <Function test_filter_by_cv_fold_ts[polars-pandas-polars-1-test-expected1]>
            <Function test_filter_by_cv_fold_ts[polars-pandas-polars-2-train-expected2]>
            <Function test_filter_by_cv_fold_ts[polars-pandas-polars-2-test-expected3]>
            <Function test_filter_by_cv_fold_ts[polars-pandas-polars-3-train-expected4]>
            <Function test_filter_by_cv_fold_ts[polars-pandas-polars-3-test-expected5]>
            <Function test_filter_by_cv_fold_ts[polars-pandas-polars-4-train-expected6]>
            <Function test_filter_by_cv_fold_ts[polars-pandas-polars-4-test-expected7]>
            <Function test_filter_by_cv_fold_ts[polars-pandas-polars-5-train-expected8]>
            <Function test_filter_by_cv_fold_ts[polars-pandas-polars-5-test-expected9]>
            <Function test_filter_by_cv_fold_ts[polars-pandas-numpy-1-train-expected0]>
            <Function test_filter_by_cv_fold_ts[polars-pandas-numpy-1-test-expected1]>
            <Function test_filter_by_cv_fold_ts[polars-pandas-numpy-2-train-expected2]>
            <Function test_filter_by_cv_fold_ts[polars-pandas-numpy-2-test-expected3]>
            <Function test_filter_by_cv_fold_ts[polars-pandas-numpy-3-train-expected4]>
            <Function test_filter_by_cv_fold_ts[polars-pandas-numpy-3-test-expected5]>
            <Function test_filter_by_cv_fold_ts[polars-pandas-numpy-4-train-expected6]>
            <Function test_filter_by_cv_fold_ts[polars-pandas-numpy-4-test-expected7]>
            <Function test_filter_by_cv_fold_ts[polars-pandas-numpy-5-train-expected8]>
            <Function test_filter_by_cv_fold_ts[polars-pandas-numpy-5-test-expected9]>
            <Function test_filter_by_cv_fold_ts[polars-polars-pandas-1-train-expected0]>
            <Function test_filter_by_cv_fold_ts[polars-polars-pandas-1-test-expected1]>
            <Function test_filter_by_cv_fold_ts[polars-polars-pandas-2-train-expected2]>
            <Function test_filter_by_cv_fold_ts[polars-polars-pandas-2-test-expected3]>
            <Function test_filter_by_cv_fold_ts[polars-polars-pandas-3-train-expected4]>
            <Function test_filter_by_cv_fold_ts[polars-polars-pandas-3-test-expected5]>
            <Function test_filter_by_cv_fold_ts[polars-polars-pandas-4-train-expected6]>
            <Function test_filter_by_cv_fold_ts[polars-polars-pandas-4-test-expected7]>
            <Function test_filter_by_cv_fold_ts[polars-polars-pandas-5-train-expected8]>
            <Function test_filter_by_cv_fold_ts[polars-polars-pandas-5-test-expected9]>
            <Function test_filter_by_cv_fold_ts[polars-polars-polars-1-train-expected0]>
            <Function test_filter_by_cv_fold_ts[polars-polars-polars-1-test-expected1]>
            <Function test_filter_by_cv_fold_ts[polars-polars-polars-2-train-expected2]>
            <Function test_filter_by_cv_fold_ts[polars-polars-polars-2-test-expected3]>
            <Function test_filter_by_cv_fold_ts[polars-polars-polars-3-train-expected4]>
            <Function test_filter_by_cv_fold_ts[polars-polars-polars-3-test-expected5]>
            <Function test_filter_by_cv_fold_ts[polars-polars-polars-4-train-expected6]>
            <Function test_filter_by_cv_fold_ts[polars-polars-polars-4-test-expected7]>
            <Function test_filter_by_cv_fold_ts[polars-polars-polars-5-train-expected8]>
            <Function test_filter_by_cv_fold_ts[polars-polars-polars-5-test-expected9]>
            <Function test_filter_by_cv_fold_ts[polars-polars-numpy-1-train-expected0]>
            <Function test_filter_by_cv_fold_ts[polars-polars-numpy-1-test-expected1]>
            <Function test_filter_by_cv_fold_ts[polars-polars-numpy-2-train-expected2]>
            <Function test_filter_by_cv_fold_ts[polars-polars-numpy-2-test-expected3]>
            <Function test_filter_by_cv_fold_ts[polars-polars-numpy-3-train-expected4]>
            <Function test_filter_by_cv_fold_ts[polars-polars-numpy-3-test-expected5]>
            <Function test_filter_by_cv_fold_ts[polars-polars-numpy-4-train-expected6]>
            <Function test_filter_by_cv_fold_ts[polars-polars-numpy-4-test-expected7]>
            <Function test_filter_by_cv_fold_ts[polars-polars-numpy-5-train-expected8]>
            <Function test_filter_by_cv_fold_ts[polars-polars-numpy-5-test-expected9]>
            <Function test_filter_by_cv_fold_ts[polars-numpy-pandas-1-train-expected0]>
            <Function test_filter_by_cv_fold_ts[polars-numpy-pandas-1-test-expected1]>
            <Function test_filter_by_cv_fold_ts[polars-numpy-pandas-2-train-expected2]>
            <Function test_filter_by_cv_fold_ts[polars-numpy-pandas-2-test-expected3]>
            <Function test_filter_by_cv_fold_ts[polars-numpy-pandas-3-train-expected4]>
            <Function test_filter_by_cv_fold_ts[polars-numpy-pandas-3-test-expected5]>
            <Function test_filter_by_cv_fold_ts[polars-numpy-pandas-4-train-expected6]>
            <Function test_filter_by_cv_fold_ts[polars-numpy-pandas-4-test-expected7]>
            <Function test_filter_by_cv_fold_ts[polars-numpy-pandas-5-train-expected8]>
            <Function test_filter_by_cv_fold_ts[polars-numpy-pandas-5-test-expected9]>
            <Function test_filter_by_cv_fold_ts[polars-numpy-polars-1-train-expected0]>
            <Function test_filter_by_cv_fold_ts[polars-numpy-polars-1-test-expected1]>
            <Function test_filter_by_cv_fold_ts[polars-numpy-polars-2-train-expected2]>
            <Function test_filter_by_cv_fold_ts[polars-numpy-polars-2-test-expected3]>
            <Function test_filter_by_cv_fold_ts[polars-numpy-polars-3-train-expected4]>
            <Function test_filter_by_cv_fold_ts[polars-numpy-polars-3-test-expected5]>
            <Function test_filter_by_cv_fold_ts[polars-numpy-polars-4-train-expected6]>
            <Function test_filter_by_cv_fold_ts[polars-numpy-polars-4-test-expected7]>
            <Function test_filter_by_cv_fold_ts[polars-numpy-polars-5-train-expected8]>
            <Function test_filter_by_cv_fold_ts[polars-numpy-polars-5-test-expected9]>
            <Function test_filter_by_cv_fold_ts[polars-numpy-numpy-1-train-expected0]>
            <Function test_filter_by_cv_fold_ts[polars-numpy-numpy-1-test-expected1]>
            <Function test_filter_by_cv_fold_ts[polars-numpy-numpy-2-train-expected2]>
            <Function test_filter_by_cv_fold_ts[polars-numpy-numpy-2-test-expected3]>
            <Function test_filter_by_cv_fold_ts[polars-numpy-numpy-3-train-expected4]>
            <Function test_filter_by_cv_fold_ts[polars-numpy-numpy-3-test-expected5]>
            <Function test_filter_by_cv_fold_ts[polars-numpy-numpy-4-train-expected6]>
            <Function test_filter_by_cv_fold_ts[polars-numpy-numpy-4-test-expected7]>
            <Function test_filter_by_cv_fold_ts[polars-numpy-numpy-5-train-expected8]>
            <Function test_filter_by_cv_fold_ts[polars-numpy-numpy-5-test-expected9]>
            <Function test_filter_by_cv_fold_no_ts[pandas-pandas-pandas-1-train-expected0]>
            <Function test_filter_by_cv_fold_no_ts[pandas-pandas-pandas-1-test-expected1]>
            <Function test_filter_by_cv_fold_no_ts[pandas-pandas-pandas-2-train-expected2]>
            <Function test_filter_by_cv_fold_no_ts[pandas-pandas-pandas-2-test-expected3]>
            <Function test_filter_by_cv_fold_no_ts[pandas-pandas-pandas-3-train-expected4]>
            <Function test_filter_by_cv_fold_no_ts[pandas-pandas-pandas-3-test-expected5]>
            <Function test_filter_by_cv_fold_no_ts[pandas-pandas-pandas-4-train-expected6]>
            <Function test_filter_by_cv_fold_no_ts[pandas-pandas-pandas-4-test-expected7]>
            <Function test_filter_by_cv_fold_no_ts[pandas-pandas-pandas-5-train-expected8]>
            <Function test_filter_by_cv_fold_no_ts[pandas-pandas-pandas-5-test-expected9]>
            <Function test_filter_by_cv_fold_no_ts[pandas-pandas-pandas-6-train-expected10]>
            <Function test_filter_by_cv_fold_no_ts[pandas-pandas-pandas-6-test-expected11]>
            <Function test_filter_by_cv_fold_no_ts[pandas-pandas-pandas-7-train-expected12]>
            <Function test_filter_by_cv_fold_no_ts[pandas-pandas-pandas-7-test-expected13]>
            <Function test_filter_by_cv_fold_no_ts[pandas-pandas-polars-1-train-expected0]>
            <Function test_filter_by_cv_fold_no_ts[pandas-pandas-polars-1-test-expected1]>
            <Function test_filter_by_cv_fold_no_ts[pandas-pandas-polars-2-train-expected2]>
            <Function test_filter_by_cv_fold_no_ts[pandas-pandas-polars-2-test-expected3]>
            <Function test_filter_by_cv_fold_no_ts[pandas-pandas-polars-3-train-expected4]>
            <Function test_filter_by_cv_fold_no_ts[pandas-pandas-polars-3-test-expected5]>
            <Function test_filter_by_cv_fold_no_ts[pandas-pandas-polars-4-train-expected6]>
            <Function test_filter_by_cv_fold_no_ts[pandas-pandas-polars-4-test-expected7]>
            <Function test_filter_by_cv_fold_no_ts[pandas-pandas-polars-5-train-expected8]>
            <Function test_filter_by_cv_fold_no_ts[pandas-pandas-polars-5-test-expected9]>
            <Function test_filter_by_cv_fold_no_ts[pandas-pandas-polars-6-train-expected10]>
            <Function test_filter_by_cv_fold_no_ts[pandas-pandas-polars-6-test-expected11]>
            <Function test_filter_by_cv_fold_no_ts[pandas-pandas-polars-7-train-expected12]>
            <Function test_filter_by_cv_fold_no_ts[pandas-pandas-polars-7-test-expected13]>
            <Function test_filter_by_cv_fold_no_ts[pandas-pandas-numpy-1-train-expected0]>
            <Function test_filter_by_cv_fold_no_ts[pandas-pandas-numpy-1-test-expected1]>
            <Function test_filter_by_cv_fold_no_ts[pandas-pandas-numpy-2-train-expected2]>
            <Function test_filter_by_cv_fold_no_ts[pandas-pandas-numpy-2-test-expected3]>
            <Function test_filter_by_cv_fold_no_ts[pandas-pandas-numpy-3-train-expected4]>
            <Function test_filter_by_cv_fold_no_ts[pandas-pandas-numpy-3-test-expected5]>
            <Function test_filter_by_cv_fold_no_ts[pandas-pandas-numpy-4-train-expected6]>
            <Function test_filter_by_cv_fold_no_ts[pandas-pandas-numpy-4-test-expected7]>
            <Function test_filter_by_cv_fold_no_ts[pandas-pandas-numpy-5-train-expected8]>
            <Function test_filter_by_cv_fold_no_ts[pandas-pandas-numpy-5-test-expected9]>
            <Function test_filter_by_cv_fold_no_ts[pandas-pandas-numpy-6-train-expected10]>
            <Function test_filter_by_cv_fold_no_ts[pandas-pandas-numpy-6-test-expected11]>
            <Function test_filter_by_cv_fold_no_ts[pandas-pandas-numpy-7-train-expected12]>
            <Function test_filter_by_cv_fold_no_ts[pandas-pandas-numpy-7-test-expected13]>
            <Function test_filter_by_cv_fold_no_ts[pandas-polars-pandas-1-train-expected0]>
            <Function test_filter_by_cv_fold_no_ts[pandas-polars-pandas-1-test-expected1]>
            <Function test_filter_by_cv_fold_no_ts[pandas-polars-pandas-2-train-expected2]>
            <Function test_filter_by_cv_fold_no_ts[pandas-polars-pandas-2-test-expected3]>
            <Function test_filter_by_cv_fold_no_ts[pandas-polars-pandas-3-train-expected4]>
            <Function test_filter_by_cv_fold_no_ts[pandas-polars-pandas-3-test-expected5]>
            <Function test_filter_by_cv_fold_no_ts[pandas-polars-pandas-4-train-expected6]>
            <Function test_filter_by_cv_fold_no_ts[pandas-polars-pandas-4-test-expected7]>
            <Function test_filter_by_cv_fold_no_ts[pandas-polars-pandas-5-train-expected8]>
            <Function test_filter_by_cv_fold_no_ts[pandas-polars-pandas-5-test-expected9]>
            <Function test_filter_by_cv_fold_no_ts[pandas-polars-pandas-6-train-expected10]>
            <Function test_filter_by_cv_fold_no_ts[pandas-polars-pandas-6-test-expected11]>
            <Function test_filter_by_cv_fold_no_ts[pandas-polars-pandas-7-train-expected12]>
            <Function test_filter_by_cv_fold_no_ts[pandas-polars-pandas-7-test-expected13]>
            <Function test_filter_by_cv_fold_no_ts[pandas-polars-polars-1-train-expected0]>
            <Function test_filter_by_cv_fold_no_ts[pandas-polars-polars-1-test-expected1]>
            <Function test_filter_by_cv_fold_no_ts[pandas-polars-polars-2-train-expected2]>
            <Function test_filter_by_cv_fold_no_ts[pandas-polars-polars-2-test-expected3]>
            <Function test_filter_by_cv_fold_no_ts[pandas-polars-polars-3-train-expected4]>
            <Function test_filter_by_cv_fold_no_ts[pandas-polars-polars-3-test-expected5]>
            <Function test_filter_by_cv_fold_no_ts[pandas-polars-polars-4-train-expected6]>
            <Function test_filter_by_cv_fold_no_ts[pandas-polars-polars-4-test-expected7]>
            <Function test_filter_by_cv_fold_no_ts[pandas-polars-polars-5-train-expected8]>
            <Function test_filter_by_cv_fold_no_ts[pandas-polars-polars-5-test-expected9]>
            <Function test_filter_by_cv_fold_no_ts[pandas-polars-polars-6-train-expected10]>
            <Function test_filter_by_cv_fold_no_ts[pandas-polars-polars-6-test-expected11]>
            <Function test_filter_by_cv_fold_no_ts[pandas-polars-polars-7-train-expected12]>
            <Function test_filter_by_cv_fold_no_ts[pandas-polars-polars-7-test-expected13]>
            <Function test_filter_by_cv_fold_no_ts[pandas-polars-numpy-1-train-expected0]>
            <Function test_filter_by_cv_fold_no_ts[pandas-polars-numpy-1-test-expected1]>
            <Function test_filter_by_cv_fold_no_ts[pandas-polars-numpy-2-train-expected2]>
            <Function test_filter_by_cv_fold_no_ts[pandas-polars-numpy-2-test-expected3]>
            <Function test_filter_by_cv_fold_no_ts[pandas-polars-numpy-3-train-expected4]>
            <Function test_filter_by_cv_fold_no_ts[pandas-polars-numpy-3-test-expected5]>
            <Function test_filter_by_cv_fold_no_ts[pandas-polars-numpy-4-train-expected6]>
            <Function test_filter_by_cv_fold_no_ts[pandas-polars-numpy-4-test-expected7]>
            <Function test_filter_by_cv_fold_no_ts[pandas-polars-numpy-5-train-expected8]>
            <Function test_filter_by_cv_fold_no_ts[pandas-polars-numpy-5-test-expected9]>
            <Function test_filter_by_cv_fold_no_ts[pandas-polars-numpy-6-train-expected10]>
            <Function test_filter_by_cv_fold_no_ts[pandas-polars-numpy-6-test-expected11]>
            <Function test_filter_by_cv_fold_no_ts[pandas-polars-numpy-7-train-expected12]>
            <Function test_filter_by_cv_fold_no_ts[pandas-polars-numpy-7-test-expected13]>
            <Function test_filter_by_cv_fold_no_ts[pandas-numpy-pandas-1-train-expected0]>
            <Function test_filter_by_cv_fold_no_ts[pandas-numpy-pandas-1-test-expected1]>
            <Function test_filter_by_cv_fold_no_ts[pandas-numpy-pandas-2-train-expected2]>
            <Function test_filter_by_cv_fold_no_ts[pandas-numpy-pandas-2-test-expected3]>
            <Function test_filter_by_cv_fold_no_ts[pandas-numpy-pandas-3-train-expected4]>
            <Function test_filter_by_cv_fold_no_ts[pandas-numpy-pandas-3-test-expected5]>
            <Function test_filter_by_cv_fold_no_ts[pandas-numpy-pandas-4-train-expected6]>
            <Function test_filter_by_cv_fold_no_ts[pandas-numpy-pandas-4-test-expected7]>
            <Function test_filter_by_cv_fold_no_ts[pandas-numpy-pandas-5-train-expected8]>
            <Function test_filter_by_cv_fold_no_ts[pandas-numpy-pandas-5-test-expected9]>
            <Function test_filter_by_cv_fold_no_ts[pandas-numpy-pandas-6-train-expected10]>
            <Function test_filter_by_cv_fold_no_ts[pandas-numpy-pandas-6-test-expected11]>
            <Function test_filter_by_cv_fold_no_ts[pandas-numpy-pandas-7-train-expected12]>
            <Function test_filter_by_cv_fold_no_ts[pandas-numpy-pandas-7-test-expected13]>
            <Function test_filter_by_cv_fold_no_ts[pandas-numpy-polars-1-train-expected0]>
            <Function test_filter_by_cv_fold_no_ts[pandas-numpy-polars-1-test-expected1]>
            <Function test_filter_by_cv_fold_no_ts[pandas-numpy-polars-2-train-expected2]>
            <Function test_filter_by_cv_fold_no_ts[pandas-numpy-polars-2-test-expected3]>
            <Function test_filter_by_cv_fold_no_ts[pandas-numpy-polars-3-train-expected4]>
            <Function test_filter_by_cv_fold_no_ts[pandas-numpy-polars-3-test-expected5]>
            <Function test_filter_by_cv_fold_no_ts[pandas-numpy-polars-4-train-expected6]>
            <Function test_filter_by_cv_fold_no_ts[pandas-numpy-polars-4-test-expected7]>
            <Function test_filter_by_cv_fold_no_ts[pandas-numpy-polars-5-train-expected8]>
            <Function test_filter_by_cv_fold_no_ts[pandas-numpy-polars-5-test-expected9]>
            <Function test_filter_by_cv_fold_no_ts[pandas-numpy-polars-6-train-expected10]>
            <Function test_filter_by_cv_fold_no_ts[pandas-numpy-polars-6-test-expected11]>
            <Function test_filter_by_cv_fold_no_ts[pandas-numpy-polars-7-train-expected12]>
            <Function test_filter_by_cv_fold_no_ts[pandas-numpy-polars-7-test-expected13]>
            <Function test_filter_by_cv_fold_no_ts[pandas-numpy-numpy-1-train-expected0]>
            <Function test_filter_by_cv_fold_no_ts[pandas-numpy-numpy-1-test-expected1]>
            <Function test_filter_by_cv_fold_no_ts[pandas-numpy-numpy-2-train-expected2]>
            <Function test_filter_by_cv_fold_no_ts[pandas-numpy-numpy-2-test-expected3]>
            <Function test_filter_by_cv_fold_no_ts[pandas-numpy-numpy-3-train-expected4]>
            <Function test_filter_by_cv_fold_no_ts[pandas-numpy-numpy-3-test-expected5]>
            <Function test_filter_by_cv_fold_no_ts[pandas-numpy-numpy-4-train-expected6]>
            <Function test_filter_by_cv_fold_no_ts[pandas-numpy-numpy-4-test-expected7]>
            <Function test_filter_by_cv_fold_no_ts[pandas-numpy-numpy-5-train-expected8]>
            <Function test_filter_by_cv_fold_no_ts[pandas-numpy-numpy-5-test-expected9]>
            <Function test_filter_by_cv_fold_no_ts[pandas-numpy-numpy-6-train-expected10]>
            <Function test_filter_by_cv_fold_no_ts[pandas-numpy-numpy-6-test-expected11]>
            <Function test_filter_by_cv_fold_no_ts[pandas-numpy-numpy-7-train-expected12]>
            <Function test_filter_by_cv_fold_no_ts[pandas-numpy-numpy-7-test-expected13]>
            <Function test_filter_by_cv_fold_no_ts[polars-pandas-pandas-1-train-expected0]>
            <Function test_filter_by_cv_fold_no_ts[polars-pandas-pandas-1-test-expected1]>
            <Function test_filter_by_cv_fold_no_ts[polars-pandas-pandas-2-train-expected2]>
            <Function test_filter_by_cv_fold_no_ts[polars-pandas-pandas-2-test-expected3]>
            <Function test_filter_by_cv_fold_no_ts[polars-pandas-pandas-3-train-expected4]>
            <Function test_filter_by_cv_fold_no_ts[polars-pandas-pandas-3-test-expected5]>
            <Function test_filter_by_cv_fold_no_ts[polars-pandas-pandas-4-train-expected6]>
            <Function test_filter_by_cv_fold_no_ts[polars-pandas-pandas-4-test-expected7]>
            <Function test_filter_by_cv_fold_no_ts[polars-pandas-pandas-5-train-expected8]>
            <Function test_filter_by_cv_fold_no_ts[polars-pandas-pandas-5-test-expected9]>
            <Function test_filter_by_cv_fold_no_ts[polars-pandas-pandas-6-train-expected10]>
            <Function test_filter_by_cv_fold_no_ts[polars-pandas-pandas-6-test-expected11]>
            <Function test_filter_by_cv_fold_no_ts[polars-pandas-pandas-7-train-expected12]>
            <Function test_filter_by_cv_fold_no_ts[polars-pandas-pandas-7-test-expected13]>
            <Function test_filter_by_cv_fold_no_ts[polars-pandas-polars-1-train-expected0]>
            <Function test_filter_by_cv_fold_no_ts[polars-pandas-polars-1-test-expected1]>
            <Function test_filter_by_cv_fold_no_ts[polars-pandas-polars-2-train-expected2]>
            <Function test_filter_by_cv_fold_no_ts[polars-pandas-polars-2-test-expected3]>
            <Function test_filter_by_cv_fold_no_ts[polars-pandas-polars-3-train-expected4]>
            <Function test_filter_by_cv_fold_no_ts[polars-pandas-polars-3-test-expected5]>
            <Function test_filter_by_cv_fold_no_ts[polars-pandas-polars-4-train-expected6]>
            <Function test_filter_by_cv_fold_no_ts[polars-pandas-polars-4-test-expected7]>
            <Function test_filter_by_cv_fold_no_ts[polars-pandas-polars-5-train-expected8]>
            <Function test_filter_by_cv_fold_no_ts[polars-pandas-polars-5-test-expected9]>
            <Function test_filter_by_cv_fold_no_ts[polars-pandas-polars-6-train-expected10]>
            <Function test_filter_by_cv_fold_no_ts[polars-pandas-polars-6-test-expected11]>
            <Function test_filter_by_cv_fold_no_ts[polars-pandas-polars-7-train-expected12]>
            <Function test_filter_by_cv_fold_no_ts[polars-pandas-polars-7-test-expected13]>
            <Function test_filter_by_cv_fold_no_ts[polars-pandas-numpy-1-train-expected0]>
            <Function test_filter_by_cv_fold_no_ts[polars-pandas-numpy-1-test-expected1]>
            <Function test_filter_by_cv_fold_no_ts[polars-pandas-numpy-2-train-expected2]>
            <Function test_filter_by_cv_fold_no_ts[polars-pandas-numpy-2-test-expected3]>
            <Function test_filter_by_cv_fold_no_ts[polars-pandas-numpy-3-train-expected4]>
            <Function test_filter_by_cv_fold_no_ts[polars-pandas-numpy-3-test-expected5]>
            <Function test_filter_by_cv_fold_no_ts[polars-pandas-numpy-4-train-expected6]>
            <Function test_filter_by_cv_fold_no_ts[polars-pandas-numpy-4-test-expected7]>
            <Function test_filter_by_cv_fold_no_ts[polars-pandas-numpy-5-train-expected8]>
            <Function test_filter_by_cv_fold_no_ts[polars-pandas-numpy-5-test-expected9]>
            <Function test_filter_by_cv_fold_no_ts[polars-pandas-numpy-6-train-expected10]>
            <Function test_filter_by_cv_fold_no_ts[polars-pandas-numpy-6-test-expected11]>
            <Function test_filter_by_cv_fold_no_ts[polars-pandas-numpy-7-train-expected12]>
            <Function test_filter_by_cv_fold_no_ts[polars-pandas-numpy-7-test-expected13]>
            <Function test_filter_by_cv_fold_no_ts[polars-polars-pandas-1-train-expected0]>
            <Function test_filter_by_cv_fold_no_ts[polars-polars-pandas-1-test-expected1]>
            <Function test_filter_by_cv_fold_no_ts[polars-polars-pandas-2-train-expected2]>
            <Function test_filter_by_cv_fold_no_ts[polars-polars-pandas-2-test-expected3]>
            <Function test_filter_by_cv_fold_no_ts[polars-polars-pandas-3-train-expected4]>
            <Function test_filter_by_cv_fold_no_ts[polars-polars-pandas-3-test-expected5]>
            <Function test_filter_by_cv_fold_no_ts[polars-polars-pandas-4-train-expected6]>
            <Function test_filter_by_cv_fold_no_ts[polars-polars-pandas-4-test-expected7]>
            <Function test_filter_by_cv_fold_no_ts[polars-polars-pandas-5-train-expected8]>
            <Function test_filter_by_cv_fold_no_ts[polars-polars-pandas-5-test-expected9]>
            <Function test_filter_by_cv_fold_no_ts[polars-polars-pandas-6-train-expected10]>
            <Function test_filter_by_cv_fold_no_ts[polars-polars-pandas-6-test-expected11]>
            <Function test_filter_by_cv_fold_no_ts[polars-polars-pandas-7-train-expected12]>
            <Function test_filter_by_cv_fold_no_ts[polars-polars-pandas-7-test-expected13]>
            <Function test_filter_by_cv_fold_no_ts[polars-polars-polars-1-train-expected0]>
            <Function test_filter_by_cv_fold_no_ts[polars-polars-polars-1-test-expected1]>
            <Function test_filter_by_cv_fold_no_ts[polars-polars-polars-2-train-expected2]>
            <Function test_filter_by_cv_fold_no_ts[polars-polars-polars-2-test-expected3]>
            <Function test_filter_by_cv_fold_no_ts[polars-polars-polars-3-train-expected4]>
            <Function test_filter_by_cv_fold_no_ts[polars-polars-polars-3-test-expected5]>
            <Function test_filter_by_cv_fold_no_ts[polars-polars-polars-4-train-expected6]>
            <Function test_filter_by_cv_fold_no_ts[polars-polars-polars-4-test-expected7]>
            <Function test_filter_by_cv_fold_no_ts[polars-polars-polars-5-train-expected8]>
            <Function test_filter_by_cv_fold_no_ts[polars-polars-polars-5-test-expected9]>
            <Function test_filter_by_cv_fold_no_ts[polars-polars-polars-6-train-expected10]>
            <Function test_filter_by_cv_fold_no_ts[polars-polars-polars-6-test-expected11]>
            <Function test_filter_by_cv_fold_no_ts[polars-polars-polars-7-train-expected12]>
            <Function test_filter_by_cv_fold_no_ts[polars-polars-polars-7-test-expected13]>
            <Function test_filter_by_cv_fold_no_ts[polars-polars-numpy-1-train-expected0]>
            <Function test_filter_by_cv_fold_no_ts[polars-polars-numpy-1-test-expected1]>
            <Function test_filter_by_cv_fold_no_ts[polars-polars-numpy-2-train-expected2]>
            <Function test_filter_by_cv_fold_no_ts[polars-polars-numpy-2-test-expected3]>
            <Function test_filter_by_cv_fold_no_ts[polars-polars-numpy-3-train-expected4]>
            <Function test_filter_by_cv_fold_no_ts[polars-polars-numpy-3-test-expected5]>
            <Function test_filter_by_cv_fold_no_ts[polars-polars-numpy-4-train-expected6]>
            <Function test_filter_by_cv_fold_no_ts[polars-polars-numpy-4-test-expected7]>
            <Function test_filter_by_cv_fold_no_ts[polars-polars-numpy-5-train-expected8]>
            <Function test_filter_by_cv_fold_no_ts[polars-polars-numpy-5-test-expected9]>
            <Function test_filter_by_cv_fold_no_ts[polars-polars-numpy-6-train-expected10]>
            <Function test_filter_by_cv_fold_no_ts[polars-polars-numpy-6-test-expected11]>
            <Function test_filter_by_cv_fold_no_ts[polars-polars-numpy-7-train-expected12]>
            <Function test_filter_by_cv_fold_no_ts[polars-polars-numpy-7-test-expected13]>
            <Function test_filter_by_cv_fold_no_ts[polars-numpy-pandas-1-train-expected0]>
            <Function test_filter_by_cv_fold_no_ts[polars-numpy-pandas-1-test-expected1]>
            <Function test_filter_by_cv_fold_no_ts[polars-numpy-pandas-2-train-expected2]>
            <Function test_filter_by_cv_fold_no_ts[polars-numpy-pandas-2-test-expected3]>
            <Function test_filter_by_cv_fold_no_ts[polars-numpy-pandas-3-train-expected4]>
            <Function test_filter_by_cv_fold_no_ts[polars-numpy-pandas-3-test-expected5]>
            <Function test_filter_by_cv_fold_no_ts[polars-numpy-pandas-4-train-expected6]>
            <Function test_filter_by_cv_fold_no_ts[polars-numpy-pandas-4-test-expected7]>
            <Function test_filter_by_cv_fold_no_ts[polars-numpy-pandas-5-train-expected8]>
            <Function test_filter_by_cv_fold_no_ts[polars-numpy-pandas-5-test-expected9]>
            <Function test_filter_by_cv_fold_no_ts[polars-numpy-pandas-6-train-expected10]>
            <Function test_filter_by_cv_fold_no_ts[polars-numpy-pandas-6-test-expected11]>
            <Function test_filter_by_cv_fold_no_ts[polars-numpy-pandas-7-train-expected12]>
            <Function test_filter_by_cv_fold_no_ts[polars-numpy-pandas-7-test-expected13]>
            <Function test_filter_by_cv_fold_no_ts[polars-numpy-polars-1-train-expected0]>
            <Function test_filter_by_cv_fold_no_ts[polars-numpy-polars-1-test-expected1]>
            <Function test_filter_by_cv_fold_no_ts[polars-numpy-polars-2-train-expected2]>
            <Function test_filter_by_cv_fold_no_ts[polars-numpy-polars-2-test-expected3]>
            <Function test_filter_by_cv_fold_no_ts[polars-numpy-polars-3-train-expected4]>
            <Function test_filter_by_cv_fold_no_ts[polars-numpy-polars-3-test-expected5]>
            <Function test_filter_by_cv_fold_no_ts[polars-numpy-polars-4-train-expected6]>
            <Function test_filter_by_cv_fold_no_ts[polars-numpy-polars-4-test-expected7]>
            <Function test_filter_by_cv_fold_no_ts[polars-numpy-polars-5-train-expected8]>
            <Function test_filter_by_cv_fold_no_ts[polars-numpy-polars-5-test-expected9]>
            <Function test_filter_by_cv_fold_no_ts[polars-numpy-polars-6-train-expected10]>
            <Function test_filter_by_cv_fold_no_ts[polars-numpy-polars-6-test-expected11]>
            <Function test_filter_by_cv_fold_no_ts[polars-numpy-polars-7-train-expected12]>
            <Function test_filter_by_cv_fold_no_ts[polars-numpy-polars-7-test-expected13]>
            <Function test_filter_by_cv_fold_no_ts[polars-numpy-numpy-1-train-expected0]>
            <Function test_filter_by_cv_fold_no_ts[polars-numpy-numpy-1-test-expected1]>
            <Function test_filter_by_cv_fold_no_ts[polars-numpy-numpy-2-train-expected2]>
            <Function test_filter_by_cv_fold_no_ts[polars-numpy-numpy-2-test-expected3]>
            <Function test_filter_by_cv_fold_no_ts[polars-numpy-numpy-3-train-expected4]>
            <Function test_filter_by_cv_fold_no_ts[polars-numpy-numpy-3-test-expected5]>
            <Function test_filter_by_cv_fold_no_ts[polars-numpy-numpy-4-train-expected6]>
            <Function test_filter_by_cv_fold_no_ts[polars-numpy-numpy-4-test-expected7]>
            <Function test_filter_by_cv_fold_no_ts[polars-numpy-numpy-5-train-expected8]>
            <Function test_filter_by_cv_fold_no_ts[polars-numpy-numpy-5-test-expected9]>
            <Function test_filter_by_cv_fold_no_ts[polars-numpy-numpy-6-train-expected10]>
            <Function test_filter_by_cv_fold_no_ts[polars-numpy-numpy-6-test-expected11]>
            <Function test_filter_by_cv_fold_no_ts[polars-numpy-numpy-7-train-expected12]>
            <Function test_filter_by_cv_fold_no_ts[polars-numpy-numpy-7-test-expected13]>
          <Module test_get_column_dtype.py>
            <Function test_is_numeric[numeric_pd_series-True]>
            <Function test_is_numeric[integer_pd_series-True]>
            <Function test_is_numeric[non_numeric_pd_series-False]>
            <Function test_is_numeric[numeric_pandas_series-True]>
            <Function test_is_numeric[integer_pandas_series-True]>
            <Function test_is_numeric[non_numeric_pandas_series-False]>
            <Function test_is_numeric[numeric_polars_series-True]>
            <Function test_is_numeric[integer_polars_series-True]>
            <Function test_is_numeric[non_numeric_polars_series-False]>
            <Function test_is_numeric[date_pd_series-False]>
            <Function test_is_numeric[date_pandas_series-False]>
            <Function test_is_numeric[date_polars_series-False]>
            <Function test_is_numeric[date_numpy_array-False]>
            <Function test_is_numeric[date_tuple-False]>
            <Function test_is_numeric[date_as_string_pandas_series-False]>
            <Function test_is_numeric[date_as_string_polars_series-False]>
            <Function test_is_numeric[date_as_string_numpy_array-False]>
            <Function test_is_numeric[date_as_categorical_pandas_series-False]>
            <Function test_is_numeric[date_as_categorical_polars_series-False]>
            <Function test_is_numeric[binary_pd_series_ints-True]>
            <Function test_is_numeric[binary_pd_series_strings-True]>
            <Function test_is_numeric[binary_pd_series_categorical-True]>
            <Function test_is_numeric[binary_pd_series_booleans-False]>
            <Function test_is_numeric[binary_pd_series_floats-True]>
            <Function test_is_numeric[binary_pd_series_not_0_or_1-True]>
            <Function test_is_numeric[categorical_pandas_series-False]>
            <Function test_is_numeric[categorical_polars_series-False]>
            <Function test_is_numeric[text_pandas_series-False]>
            <Function test_is_numeric[text_polars_series-False]>
            <Function test_is_integer[numeric_pd_series-False]>
            <Function test_is_integer[integer_pd_series-True]>
            <Function test_is_integer[non_numeric_pd_series-False]>
            <Function test_is_integer[numeric_pandas_series-False]>
            <Function test_is_integer[integer_pandas_series-True]>
            <Function test_is_integer[non_numeric_pandas_series-False]>
            <Function test_is_integer[numeric_polars_series-False]>
            <Function test_is_integer[integer_polars_series-True]>
            <Function test_is_integer[non_numeric_polars_series-False]>
            <Function test_is_integer[date_pd_series-False]>
            <Function test_is_integer[date_pandas_series-False]>
            <Function test_is_integer[date_polars_series-False]>
            <Function test_is_integer[date_numpy_array-False]>
            <Function test_is_integer[date_tuple-False]>
            <Function test_is_integer[date_as_string_pandas_series-False]>
            <Function test_is_integer[date_as_string_polars_series-False]>
            <Function test_is_integer[date_as_string_numpy_array-False]>
            <Function test_is_integer[date_as_categorical_pandas_series-False]>
            <Function test_is_integer[date_as_categorical_polars_series-False]>
            <Function test_is_integer[binary_pd_series_ints-True]>
            <Function test_is_integer[binary_pd_series_strings-True]>
            <Function test_is_integer[binary_pd_series_categorical-True]>
            <Function test_is_integer[binary_pd_series_booleans-True]>
            <Function test_is_integer[binary_pd_series_floats-True]>
            <Function test_is_integer[binary_pd_series_not_0_or_1-True]>
            <Function test_is_integer[categorical_pandas_series-False]>
            <Function test_is_integer[categorical_polars_series-False]>
            <Function test_is_integer[text_pandas_series-False]>
            <Function test_is_integer[text_polars_series-False]>
            <Function test_is_binary[numeric_pd_series-False]>
            <Function test_is_binary[integer_pd_series-False]>
            <Function test_is_binary[non_numeric_pd_series-False]>
            <Function test_is_binary[numeric_pandas_series-False]>
            <Function test_is_binary[integer_pandas_series-False]>
            <Function test_is_binary[non_numeric_pandas_series-False]>
            <Function test_is_binary[numeric_polars_series-False]>
            <Function test_is_binary[integer_polars_series-False]>
            <Function test_is_binary[non_numeric_polars_series-False]>
            <Function test_is_binary[date_pd_series-False]>
            <Function test_is_binary[date_pandas_series-False]>
            <Function test_is_binary[date_polars_series-False]>
            <Function test_is_binary[date_numpy_array-False]>
            <Function test_is_binary[date_tuple-False]>
            <Function test_is_binary[date_as_string_pandas_series-False]>
            <Function test_is_binary[date_as_string_polars_series-False]>
            <Function test_is_binary[date_as_string_numpy_array-False]>
            <Function test_is_binary[date_as_categorical_pandas_series-False]>
            <Function test_is_binary[date_as_categorical_polars_series-False]>
            <Function test_is_binary[binary_pd_series_ints-True]>
            <Function test_is_binary[binary_pd_series_strings-True]>
            <Function test_is_binary[binary_pd_series_categorical-True]>
            <Function test_is_binary[binary_pd_series_booleans-True]>
            <Function test_is_binary[binary_pd_series_floats-True]>
            <Function test_is_binary[binary_pd_series_not_0_or_1-True]>
            <Function test_is_binary[categorical_pandas_series-False]>
            <Function test_is_binary[categorical_polars_series-False]>
            <Function test_is_binary[text_pandas_series-False]>
            <Function test_is_binary[text_polars_series-False]>
            <Function test_is_datetime[numeric_pd_series-False]>
            <Function test_is_datetime[integer_pd_series-False]>
            <Function test_is_datetime[non_numeric_pd_series-False]>
            <Function test_is_datetime[numeric_pandas_series-False]>
            <Function test_is_datetime[integer_pandas_series-False]>
            <Function test_is_datetime[non_numeric_pandas_series-False]>
            <Function test_is_datetime[numeric_polars_series-False]>
            <Function test_is_datetime[integer_polars_series-False]>
            <Function test_is_datetime[non_numeric_polars_series-False]>
            <Function test_is_datetime[date_pandas_series-True]>
            <Function test_is_datetime[date_polars_series-True]>
            <Function test_is_datetime[date_as_string_pandas_series-True]>
            <Function test_is_datetime[date_as_string_polars_series-True]>
            <Function test_is_datetime[date_as_categorical_pandas_series-True]>
            <Function test_is_datetime[date_as_categorical_polars_series-True]>
            <Function test_is_datetime[binary_pd_series_ints-False]>
            <Function test_is_datetime[binary_pd_series_strings-False]>
            <Function test_is_datetime[binary_pd_series_categorical-False]>
            <Function test_is_datetime[binary_pd_series_booleans-False]>
            <Function test_is_datetime[binary_pd_series_floats-False]>
            <Function test_is_datetime[binary_pd_series_not_0_or_1-False]>
            <Function test_is_datetime[categorical_pandas_series-False]>
            <Function test_is_datetime[categorical_polars_series-False]>
            <Function test_is_datetime[text_pandas_series-False]>
            <Function test_is_datetime[text_polars_series-False]>
            <Function test_is_categorical[numeric_pd_series-False]>
            <Function test_is_categorical[integer_pd_series-False]>
            <Function test_is_categorical[non_numeric_pd_series-True]>
            <Function test_is_categorical[numeric_pandas_series-False]>
            <Function test_is_categorical[integer_pandas_series-False]>
            <Function test_is_categorical[non_numeric_pandas_series-True]>
            <Function test_is_categorical[numeric_polars_series-False]>
            <Function test_is_categorical[integer_polars_series-False]>
            <Function test_is_categorical[non_numeric_polars_series-True]>
            <Function test_is_categorical[date_pandas_series-False]>
            <Function test_is_categorical[date_polars_series-False]>
            <Function test_is_categorical[date_as_string_pandas_series-False]>
            <Function test_is_categorical[date_as_string_polars_series-False]>
            <Function test_is_categorical[date_as_categorical_pandas_series-False]>
            <Function test_is_categorical[date_as_categorical_polars_series-False]>
            <Function test_is_categorical[binary_pd_series_ints-False]>
            <Function test_is_categorical[binary_pd_series_strings-False]>
            <Function test_is_categorical[binary_pd_series_categorical-False]>
            <Function test_is_categorical[binary_pd_series_booleans-False]>
            <Function test_is_categorical[binary_pd_series_floats-False]>
            <Function test_is_categorical[binary_pd_series_not_0_or_1-False]>
            <Function test_is_categorical[categorical_pandas_series-True]>
            <Function test_is_categorical[categorical_polars_series-True]>
            <Function test_is_categorical[text_pandas_series-True]>
            <Function test_is_categorical[text_polars_series-True]>
            <Function test_get_column_dtype2[numeric_pd_series-continuous]>
            <Function test_get_column_dtype2[integer_pd_series-continuous]>
            <Function test_get_column_dtype2[non_numeric_pd_series-categorical]>
            <Function test_get_column_dtype2[numeric_pandas_series-continuous]>
            <Function test_get_column_dtype2[integer_pandas_series-continuous]>
            <Function test_get_column_dtype2[non_numeric_pandas_series-categorical]>
            <Function test_get_column_dtype2[numeric_polars_series-continuous]>
            <Function test_get_column_dtype2[integer_polars_series-continuous]>
            <Function test_get_column_dtype2[non_numeric_polars_series-categorical]>
            <Function test_get_column_dtype2[date_pandas_series-datetime]>
            <Function test_get_column_dtype2[date_polars_series-datetime]>
            <Function test_get_column_dtype2[date_as_string_pandas_series-datetime]>
            <Function test_get_column_dtype2[date_as_string_polars_series-datetime]>
            <Function test_get_column_dtype2[date_as_categorical_pandas_series-datetime]>
            <Function test_get_column_dtype2[date_as_categorical_polars_series-datetime]>
            <Function test_get_column_dtype2[binary_pd_series_ints-binary]>
            <Function test_get_column_dtype2[binary_pd_series_strings-binary]>
            <Function test_get_column_dtype2[binary_pd_series_categorical-binary]>
            <Function test_get_column_dtype2[binary_pd_series_booleans-binary]>
            <Function test_get_column_dtype2[binary_pd_series_floats-binary]>
            <Function test_get_column_dtype2[binary_pd_series_not_0_or_1-binary]>
            <Function test_get_column_dtype2[categorical_pandas_series-categorical]>
            <Function test_get_column_dtype2[categorical_polars_series-categorical]>
            <Function test_get_column_dtype2[text_pandas_series-categorical]>
            <Function test_get_column_dtype2[text_polars_series-categorical]>
          <Module test_harmonic_mean.py>
            <Function test_harmonic_mean_single_value>
            <Function test_harmonic_mean_two_values>
            <Function test_harmonic_mean_multiple_values>
            <Function test_harmonic_mean_multiple_values_with_zero>
            <Function test_multiple_values_btwn_zero_and_one>
            <Function test_harmonic_mean_zero>
            <Function test_harmonic_mean_negative>
          <Module test_is_all_none.py>
            <Function test_is_all_none_pd[Series0]>
            <Function test_is_all_none_pd[Series1]>
            <Function test_is_all_none_pd[str]>
            <Function test_is_all_none_pd_not_all_none>
            <Function test_is_all_none_pl[Series0]>
            <Function test_is_all_none_pl[Series1]>
            <Function test_is_all_none_pl[str]>
            <Function test_is_all_none_pl_not_all_none>
            <Function test_is_all_none_np_not_all_none>
            <Function test_is_all_none[Series0]>
            <Function test_is_all_none[Series1]>
            <Function test_is_all_none[str]>
          <Module test_load_env.py>
            <Function test_load_env>
            <Function test_load_env_empty_file>
            <Function test_load_env_invalid_format>
            <Function test_load_env_special_characters>
            <Function test_load_env_large_values>
            <Function test_load_env_large_number_of_variables>
            <Function test_load_env_non_string_keys_values>
          <Module test_model_name_map.py>
            <Function test_model_name_map[catboost]>
            <Function test_model_name_map[cb]>
            <Function test_model_name_map[cat]>
            <Function test_model_name_map[random_forest]>
            <Function test_model_name_map[randomforest]>
            <Function test_model_name_map[rf]>
            <Function test_model_name_map[elastic_net]>
            <Function test_model_name_map[elasticnet]>
            <Function test_model_name_map[en]>
            <Function test_model_name_map[elastic]>
            <Function test_model_name_map[lr]>
            <Function test_model_name_map[linear_regression]>
            <Function test_model_name_map[linearregression]>
            <Function test_model_name_map[linear]>
            <Function test_model_name_map[logistic_regression]>
            <Function test_model_name_map[logisticregression]>
            <Function test_model_name_map[logistic]>
            <Function test_model_name_map[logit]>
            <Function test_model_name_map[logit_regression]>
            <Function test_model_name_map[logitregression]>
            <Function test_model_name_map[linreg]>
            <Function test_model_name_map[logreg]>
            <Function test_model_name_map[svm]>
            <Function test_model_name_map[svc]>
            <Function test_model_name_map[support_vector_machine]>
            <Function test_model_name_map[supportvectormachine]>
            <Function test_model_name_map[support_vector_classifier]>
            <Function test_model_name_map[supportvectorclassifier]>
            <Function test_model_name_map[support_vector_regression]>
            <Function test_model_name_map[supportvectorregression]>
            <Function test_model_name_map[support_vector_regressor]>
            <Function test_model_name_map[supportvectorregressor]>
            <Function test_model_name_map[svr]>
            <Function test_model_name_map[svcr]>
            <Function test_model_name_map[svre]>
            <Function test_model_name_map[svreg]>
            <Function test_model_name_map[sv]>
            <Function test_model_name_map[lightgbm]>
            <Function test_model_name_map[lgb]>
            <Function test_model_name_map[light_gradient_boosting_machine]>
            <Function test_model_name_map[lightgradientboostingmachine]>
            <Function test_model_name_map[light_gbm]>
            <Function test_model_name_map[xgboost]>
            <Function test_model_name_map[xgb]>
            <Function test_model_name_map[extreme_gradient_boosting]>
            <Function test_model_name_map[extremegradientboosting]>
            <Function test_model_name_map[extreme_gradient_boost]>
            <Function test_model_name_map[extremegradientboost]>
            <Function test_model_name_map[extreme_gbm]>
            <Function test_model_name_map[extremegbm]>
            <Function test_model_name_map[xg]>
            <Function test_model_name_map_invalid>
          <Module test_to_pd.py>
            <Function test_to_pd_df[DataFrame0]>
            <Function test_to_pd_df[DataFrame1]>
            <Function test_to_pd_df[LazyFrame]>
            <Function test_to_pd_df[Series0]>
            <Function test_to_pd_df[Series1]>
            <Function test_to_pd_df[ndarray]>
            <Function test_to_pd_df_unsupported_type>
            <Function test_to_pd_s[Series0]>
            <Function test_to_pd_s[Series1]>
            <Function test_to_pd_s[ndarray]>
            <Function test_to_pd_s_unsupported_type>
            <Function test_to_pd_s_empty_series>
          <Module test_to_pl.py>
            <Function test_to_pl_df[DataFrame0]>
            <Function test_to_pl_df[DataFrame1]>
            <Function test_to_pl_df[LazyFrame]>
            <Function test_to_pl_df[Series0]>
            <Function test_to_pl_df[Series1]>
            <Function test_to_pl_df[ndarray]>
            <Function test_to_pl_df[str]>
            <Function test_to_pl_lf[DataFrame0]>
            <Function test_to_pl_lf[DataFrame1]>
            <Function test_to_pl_lf[LazyFrame]>
            <Function test_to_pl_lf[Series0]>
            <Function test_to_pl_lf[Series1]>
            <Function test_to_pl_lf[ndarray]>
            <Function test_to_pl_lf[str]>
            <Function test_to_pl_s[Series0]>
            <Function test_to_pl_s[Series1]>
            <Function test_to_pl_s[ndarray]>
            <Function test_to_pl_s[str]>
            <Function test_to_pl_s_ndarray_2d>
      <Package stats>
        <Package src>
          <Package tests>
            <Module test_informedness.py>
              <Function test_informedness_perfect_classifier>
              <Function test_informedness_completely_wrong_classifier>
              <Function test_informedness_general_case>

======================== 1142 tests collected in 2.26s =========================
