============================= test session starts ==============================
platform linux -- Python 3.11.2, pytest-8.0.0, pluggy-1.4.0
rootdir: /home/andy/predictables
configfile: pyproject.toml
plugins: cov-4.1.0, flake8-1.1.1
collected 12 items

predictables/feature_selection/tests/test_backward_stepwise.py ......... [ 75%]
F..                                                                      [100%]

=================================== FAILURES ===================================
______________________ test_one_feature_should_be_removed ______________________

    def test_one_feature_should_be_removed():
        # Feature 1 has a negative impact, Feature 2 has a positive impact
        score_with_1 = [0.75, 0.76, 0.77]
        score_without_1 = [0.78, 0.79, 0.80]
        score_with_2 = [0.85, 0.86, 0.87]
        score_without_2 = [0.74, 0.73, 0.72]
    
        result = select_feature_to_remove(
            score_with_1,
            score_without_1,
            "feature1",
            score_with_2,
            score_without_2,
            "feature2",
        )
>       assert (
            result == "feature2"
        ), f"Feature 2 should be removed:\nFeature 1: {score_with_1} (lower bound: {np.mean(score_with_1) - np.std(score_with_1)}) -> {score_without_1}\nFeature 2: {score_with_2} (lower bound: {np.mean(score_with_2) - np.std(score_with_2)}) -> {score_without_2}\n\nHowever, got {result} as the feature to remove."
E       AssertionError: Feature 2 should be removed:
E         Feature 1: [0.75, 0.76, 0.77] (lower bound: 0.7518350341907228) -> [0.78, 0.79, 0.8]
E         Feature 2: [0.85, 0.86, 0.87] (lower bound: 0.8518350341907227) -> [0.74, 0.73, 0.72]
E         
E         However, got None as the feature to remove.
E       assert None == 'feature2'

predictables/feature_selection/tests/test_backward_stepwise.py:297: AssertionError
=========================== short test summary info ============================
FAILED predictables/feature_selection/tests/test_backward_stepwise.py::test_one_feature_should_be_removed
========================= 1 failed, 11 passed in 2.24s =========================
