{"meta": {"format": 2, "version": "7.4.1", "timestamp": "2024-02-21T11:36:36.676269", "branch_coverage": false, "show_contexts": false}, "files": {"predictables/__init__.py": {"executed_lines": [0], "summary": {"covered_lines": 0, "num_statements": 0, "percent_covered": 100.0, "percent_covered_display": "100.0", "missing_lines": 0, "excluded_lines": 0}, "missing_lines": [], "excluded_lines": []}, "predictables/core/_PredicTables.py": {"executed_lines": [], "summary": {"covered_lines": 0, "num_statements": 17, "percent_covered": 0.0, "percent_covered_display": "0.0", "missing_lines": 17, "excluded_lines": 0}, "missing_lines": [1, 3, 4, 6, 7, 10, 11, 13, 23, 24, 25, 26, 27, 29, 30, 32, 36], "excluded_lines": []}, "predictables/core/__init__.py": {"executed_lines": [0], "summary": {"covered_lines": 0, "num_statements": 0, "percent_covered": 100.0, "percent_covered_display": "100.0", "missing_lines": 0, "excluded_lines": 0}, "missing_lines": [], "excluded_lines": []}, "predictables/core/src/_UnivariateAnalysis.py": {"executed_lines": [1, 2, 3, 4, 6, 7, 8, 10, 11, 12, 17, 19, 20, 23, 48, 49, 52, 53, 54, 55, 58, 68, 69, 143, 145, 191, 192, 193, 194, 195, 196, 197, 202, 204, 205, 210, 213, 225, 226, 227, 235, 237, 306, 310, 347, 348, 349, 352, 353, 357, 361, 369, 370, 374, 375, 380, 381, 382, 386, 388, 389, 391, 392, 393, 398, 440, 444, 467, 543, 611, 620], "summary": {"covered_lines": 70, "num_statements": 140, "percent_covered": 50.0, "percent_covered_display": "50.0", "missing_lines": 70, "excluded_lines": 0}, "missing_lines": [59, 231, 232, 260, 262, 263, 264, 265, 266, 267, 290, 291, 293, 295, 296, 297, 298, 300, 302, 307, 308, 359, 438, 441, 442, 448, 451, 452, 456, 463, 465, 492, 493, 501, 504, 505, 507, 508, 509, 510, 511, 512, 513, 514, 515, 516, 517, 519, 520, 521, 522, 523, 524, 525, 526, 527, 528, 532, 533, 534, 535, 539, 541, 545, 549, 569, 612, 626, 630, 632], "excluded_lines": []}, "predictables/core/src/__init__.py": {"executed_lines": [1], "summary": {"covered_lines": 1, "num_statements": 1, "percent_covered": 100.0, "percent_covered_display": "100.0", "missing_lines": 0, "excluded_lines": 0}, "missing_lines": [], "excluded_lines": []}, "predictables/core/src/_format_ua_column.py": {"executed_lines": [], "summary": {"covered_lines": 0, "num_statements": 3, "percent_covered": 0.0, "percent_covered_display": "0.0", "missing_lines": 3, "excluded_lines": 0}, "missing_lines": [1, 4, 22], "excluded_lines": []}, "predictables/core/src/debug/__init__.py": {"executed_lines": [], "summary": {"covered_lines": 0, "num_statements": 0, "percent_covered": 100.0, "percent_covered_display": "100.0", "missing_lines": 0, "excluded_lines": 0}, "missing_lines": [], "excluded_lines": []}, "predictables/core/tests/__init__.py": {"executed_lines": [0], "summary": {"covered_lines": 0, "num_statements": 0, "percent_covered": 100.0, "percent_covered_display": "100.0", "missing_lines": 0, "excluded_lines": 0}, "missing_lines": [], "excluded_lines": []}, "predictables/core/tests/test_UnivariateAnalysis.py": {"executed_lines": [1, 2, 3, 4, 5, 8, 9, 10, 13, 14, 15, 18, 19, 20, 23, 24, 25, 28, 29, 33, 34, 35, 46, 47, 48, 49, 50, 51, 52, 54, 66, 67, 71, 75, 78, 81, 84, 87, 92, 106, 107, 112, 122, 123, 129, 132, 157, 158, 159], "summary": {"covered_lines": 49, "num_statements": 50, "percent_covered": 98.0, "percent_covered_display": "98.0", "missing_lines": 1, "excluded_lines": 0}, "missing_lines": [30], "excluded_lines": []}, "predictables/core/tests/test_fmt_col_name.py": {"executed_lines": [1, 2, 5, 12, 13, 15, 16, 19], "summary": {"covered_lines": 8, "num_statements": 8, "percent_covered": 100.0, "percent_covered_display": "100.0", "missing_lines": 0, "excluded_lines": 0}, "missing_lines": [], "excluded_lines": []}, "predictables/encoding/__init__.py": {"executed_lines": [1], "summary": {"covered_lines": 1, "num_statements": 1, "percent_covered": 100.0, "percent_covered_display": "100.0", "missing_lines": 0, "excluded_lines": 0}, "missing_lines": [], "excluded_lines": []}, "predictables/encoding/src/__init__.py": {"executed_lines": [0], "summary": {"covered_lines": 0, "num_statements": 0, "percent_covered": 100.0, "percent_covered_display": "100.0", "missing_lines": 0, "excluded_lines": 0}, "missing_lines": [], "excluded_lines": []}, "predictables/encoding/src/_fourier_encoding.py": {"executed_lines": [], "summary": {"covered_lines": 0, "num_statements": 36, "percent_covered": 0.0, "percent_covered_display": "0.0", "missing_lines": 36, "excluded_lines": 0}, "missing_lines": [1, 2, 4, 5, 6, 9, 10, 13, 14, 15, 16, 19, 20, 21, 28, 29, 31, 34, 35, 50, 51, 54, 55, 56, 59, 60, 61, 62, 65, 66, 67, 68, 71, 72, 73, 74], "excluded_lines": []}, "predictables/encoding/src/_mean_encoding.py": {"executed_lines": [1, 3, 5, 8, 70, 99, 118, 122, 126, 127, 131, 214, 215, 217, 220], "summary": {"covered_lines": 15, "num_statements": 23, "percent_covered": 65.21739130434783, "percent_covered_display": "65.2", "missing_lines": 8, "excluded_lines": 0}, "missing_lines": [53, 54, 67, 82, 83, 96, 129, 218], "excluded_lines": []}, "predictables/encoding/tests/__init__.py": {"executed_lines": [0], "summary": {"covered_lines": 0, "num_statements": 0, "percent_covered": 100.0, "percent_covered_display": "100.0", "missing_lines": 0, "excluded_lines": 0}, "missing_lines": [], "excluded_lines": []}, "predictables/encoding/tests/test_mean_encoding.py": {"executed_lines": [1, 3, 4, 5, 7, 11, 12, 13, 14, 42, 45, 47, 55, 63, 73, 75, 83, 91, 101, 103, 112, 117], "summary": {"covered_lines": 22, "num_statements": 23, "percent_covered": 95.65217391304348, "percent_covered_display": "95.7", "missing_lines": 1, "excluded_lines": 0}, "missing_lines": [28], "excluded_lines": []}, "predictables/feature_importance/_ForwardStepwise.py": {"executed_lines": [], "summary": {"covered_lines": 0, "num_statements": 0, "percent_covered": 100.0, "percent_covered_display": "100.0", "missing_lines": 0, "excluded_lines": 0}, "missing_lines": [], "excluded_lines": []}, "predictables/feature_importance/__init__.py": {"executed_lines": [], "summary": {"covered_lines": 0, "num_statements": 1, "percent_covered": 0.0, "percent_covered_display": "0.0", "missing_lines": 1, "excluded_lines": 0}, "missing_lines": [1], "excluded_lines": []}, "predictables/feature_importance/src/__init__.py": {"executed_lines": [], "summary": {"covered_lines": 0, "num_statements": 0, "percent_covered": 100.0, "percent_covered_display": "100.0", "missing_lines": 0, "excluded_lines": 0}, "missing_lines": [], "excluded_lines": []}, "predictables/feature_importance/src/forward_stepwise/__init__.py": {"executed_lines": [], "summary": {"covered_lines": 0, "num_statements": 1, "percent_covered": 0.0, "percent_covered_display": "0.0", "missing_lines": 1, "excluded_lines": 0}, "missing_lines": [2], "excluded_lines": []}, "predictables/feature_importance/src/forward_stepwise/_evaluate_best_feature_to_add.py": {"executed_lines": [], "summary": {"covered_lines": 0, "num_statements": 17, "percent_covered": 0.0, "percent_covered_display": "0.0", "missing_lines": 17, "excluded_lines": 0}, "missing_lines": [1, 2, 5, 8, 9, 13, 14, 15, 19, 20, 22, 23, 24, 26, 27, 28, 30], "excluded_lines": []}, "predictables/lookups/_BaseLookup.py": {"executed_lines": [], "summary": {"covered_lines": 0, "num_statements": 12, "percent_covered": 0.0, "percent_covered_display": "0.0", "missing_lines": 12, "excluded_lines": 0}, "missing_lines": [1, 3, 6, 7, 8, 9, 10, 11, 13, 14, 16, 17], "excluded_lines": []}, "predictables/lookups/__init__.py": {"executed_lines": [], "summary": {"covered_lines": 0, "num_statements": 1, "percent_covered": 0.0, "percent_covered_display": "0.0", "missing_lines": 1, "excluded_lines": 0}, "missing_lines": [1], "excluded_lines": []}, "predictables/lookups/_date_lookup.py": {"executed_lines": [], "summary": {"covered_lines": 0, "num_statements": 10, "percent_covered": 0.0, "percent_covered_display": "0.0", "missing_lines": 10, "excluded_lines": 0}, "missing_lines": [1, 3, 5, 8, 9, 10, 12, 13, 14, 15], "excluded_lines": []}, "predictables/lookups/src/__init__.py": {"executed_lines": [], "summary": {"covered_lines": 0, "num_statements": 1, "percent_covered": 0.0, "percent_covered_display": "0.0", "missing_lines": 1, "excluded_lines": 0}, "missing_lines": [1], "excluded_lines": []}, "predictables/lookups/src/_generate_date_lookup.py": {"executed_lines": [], "summary": {"covered_lines": 0, "num_statements": 31, "percent_covered": 0.0, "percent_covered_display": "0.0", "missing_lines": 31, "excluded_lines": 0}, "missing_lines": [1, 3, 4, 6, 7, 10, 60, 68, 69, 75, 82, 83, 93, 96, 99, 100, 105, 106, 109, 112, 113, 116, 117, 120, 121, 124, 125, 128, 131, 132, 134], "excluded_lines": []}, "predictables/model/__init__.py": {"executed_lines": [], "summary": {"covered_lines": 0, "num_statements": 1, "percent_covered": 0.0, "percent_covered_display": "0.0", "missing_lines": 1, "excluded_lines": 0}, "missing_lines": [1], "excluded_lines": []}, "predictables/model_analysis/__init__.py": {"executed_lines": [1], "summary": {"covered_lines": 1, "num_statements": 1, "percent_covered": 100.0, "percent_covered_display": "100.0", "missing_lines": 0, "excluded_lines": 0}, "missing_lines": [], "excluded_lines": []}, "predictables/model_analysis/src/__init__.py": {"executed_lines": [1, 2], "summary": {"covered_lines": 2, "num_statements": 2, "percent_covered": 100.0, "percent_covered_display": "100.0", "missing_lines": 0, "excluded_lines": 0}, "missing_lines": [], "excluded_lines": []}, "predictables/model_analysis/src/_calculate_error_metrics.py": {"executed_lines": [1, 3, 4, 5, 6, 18, 42, 43, 48, 57, 58, 59, 61], "summary": {"covered_lines": 13, "num_statements": 13, "percent_covered": 100.0, "percent_covered_display": "100.0", "missing_lines": 0, "excluded_lines": 0}, "missing_lines": [], "excluded_lines": []}, "predictables/model_analysis/src/_error_analysis.py": {"executed_lines": [], "summary": {"covered_lines": 0, "num_statements": 0, "percent_covered": 100.0, "percent_covered_display": "100.0", "missing_lines": 0, "excluded_lines": 0}, "missing_lines": [], "excluded_lines": []}, "predictables/model_analysis/src/_feature_importance_analysis.py": {"executed_lines": [], "summary": {"covered_lines": 0, "num_statements": 10, "percent_covered": 0.0, "percent_covered_display": "0.0", "missing_lines": 10, "excluded_lines": 0}, "missing_lines": [1, 2, 3, 4, 7, 26, 27, 30, 31, 35], "excluded_lines": []}, "predictables/model_analysis/src/_generate_report.py": {"executed_lines": [], "summary": {"covered_lines": 0, "num_statements": 0, "percent_covered": 100.0, "percent_covered_display": "100.0", "missing_lines": 0, "excluded_lines": 0}, "missing_lines": [], "excluded_lines": []}, "predictables/model_analysis/src/_overfitting_analysis.py": {"executed_lines": [], "summary": {"covered_lines": 0, "num_statements": 0, "percent_covered": 100.0, "percent_covered_display": "100.0", "missing_lines": 0, "excluded_lines": 0}, "missing_lines": [], "excluded_lines": []}, "predictables/model_analysis/src/_plot_error_distributions.py": {"executed_lines": [], "summary": {"covered_lines": 0, "num_statements": 0, "percent_covered": 100.0, "percent_covered_display": "100.0", "missing_lines": 0, "excluded_lines": 0}, "missing_lines": [], "excluded_lines": []}, "predictables/model_analysis/src/_plot_feature_infulence_on_error.py": {"executed_lines": [], "summary": {"covered_lines": 0, "num_statements": 0, "percent_covered": 100.0, "percent_covered_display": "100.0", "missing_lines": 0, "excluded_lines": 0}, "missing_lines": [], "excluded_lines": []}, "predictables/model_analysis/src/_validate_input.py": {"executed_lines": [1, 3, 4, 5, 7, 10, 30, 31, 32, 33, 36, 37, 42, 43, 46, 50, 54, 55, 57], "summary": {"covered_lines": 19, "num_statements": 23, "percent_covered": 82.6086956521739, "percent_covered_display": "82.6", "missing_lines": 4, "excluded_lines": 0}, "missing_lines": [38, 39, 47, 51], "excluded_lines": []}, "predictables/model_analysis/tests/__init__.py": {"executed_lines": [0], "summary": {"covered_lines": 0, "num_statements": 0, "percent_covered": 100.0, "percent_covered_display": "100.0", "missing_lines": 0, "excluded_lines": 0}, "missing_lines": [], "excluded_lines": []}, "predictables/model_analysis/tests/test_calculate_error_metrics.py": {"executed_lines": [1, 2, 3, 4, 6, 9, 10, 14, 15, 16, 17, 18, 22, 23, 24, 26, 27, 28, 32, 33, 34, 36, 39, 42, 45, 48, 55, 56, 57, 59, 62, 65, 68, 74, 75, 76, 78, 79, 83, 84], "summary": {"covered_lines": 40, "num_statements": 40, "percent_covered": 100.0, "percent_covered_display": "100.0", "missing_lines": 0, "excluded_lines": 0}, "missing_lines": [], "excluded_lines": []}, "predictables/model_analysis/tests/test_validate_input.py": {"executed_lines": [1, 2, 4, 7, 8, 10, 11, 13, 14, 18, 19, 20, 23, 24, 25, 30, 31, 32], "summary": {"covered_lines": 18, "num_statements": 18, "percent_covered": 100.0, "percent_covered_display": "100.0", "missing_lines": 0, "excluded_lines": 0}, "missing_lines": [], "excluded_lines": []}, "predictables/nlp/_Bert.py": {"executed_lines": [], "summary": {"covered_lines": 0, "num_statements": 41, "percent_covered": 0.0, "percent_covered_display": "0.0", "missing_lines": 41, "excluded_lines": 0}, "missing_lines": [1, 2, 4, 6, 9, 11, 76, 77, 78, 79, 80, 81, 82, 86, 90, 91, 95, 97, 112, 114, 115, 117, 118, 120, 129, 130, 131, 132, 134, 138, 153, 155, 173, 174, 177, 179, 197, 198, 201, 204, 205], "excluded_lines": []}, "predictables/nlp/__init__.py": {"executed_lines": [], "summary": {"covered_lines": 0, "num_statements": 0, "percent_covered": 100.0, "percent_covered_display": "100.0", "missing_lines": 0, "excluded_lines": 0}, "missing_lines": [], "excluded_lines": []}, "predictables/shap/__init__.py": {"executed_lines": [], "summary": {"covered_lines": 0, "num_statements": 0, "percent_covered": 100.0, "percent_covered_display": "100.0", "missing_lines": 0, "excluded_lines": 0}, "missing_lines": [], "excluded_lines": []}, "predictables/src/__init__.py": {"executed_lines": [0], "summary": {"covered_lines": 0, "num_statements": 0, "percent_covered": 100.0, "percent_covered_display": "100.0", "missing_lines": 0, "excluded_lines": 0}, "missing_lines": [], "excluded_lines": []}, "predictables/src/_correlation_matrix.py": {"executed_lines": [], "summary": {"covered_lines": 0, "num_statements": 55, "percent_covered": 0.0, "percent_covered_display": "0.0", "missing_lines": 55, "excluded_lines": 0}, "missing_lines": [11, 13, 14, 15, 16, 18, 21, 42, 43, 52, 53, 54, 55, 56, 57, 60, 61, 62, 63, 65, 68, 71, 72, 74, 80, 83, 84, 86, 89, 109, 387, 422, 425, 426, 427, 428, 429, 430, 431, 432, 433, 435, 438, 471, 476, 479, 482, 485, 488, 491, 494, 497, 500, 503, 505], "excluded_lines": []}, "predictables/src/_eigenvalue_analysis.py": {"executed_lines": [], "summary": {"covered_lines": 0, "num_statements": 22, "percent_covered": 0.0, "percent_covered_display": "0.0", "missing_lines": 22, "excluded_lines": 0}, "missing_lines": [1, 3, 4, 5, 6, 8, 11, 47, 50, 51, 52, 53, 54, 55, 57, 60, 63, 69, 72, 73, 76, 80], "excluded_lines": []}, "predictables/src/_outliers.py": {"executed_lines": [], "summary": {"covered_lines": 0, "num_statements": 19, "percent_covered": 0.0, "percent_covered_display": "0.0", "missing_lines": 19, "excluded_lines": 0}, "missing_lines": [14, 16, 17, 18, 21, 41, 42, 44, 48, 51, 82, 83, 84, 85, 86, 87, 89, 92, 93], "excluded_lines": []}, "predictables/src/_singular_value_decomp.py": {"executed_lines": [], "summary": {"covered_lines": 0, "num_statements": 13, "percent_covered": 0.0, "percent_covered_display": "0.0", "missing_lines": 13, "excluded_lines": 0}, "missing_lines": [1, 4, 5, 7, 10, 11, 12, 15, 16, 19, 21, 26, 30], "excluded_lines": []}, "predictables/src/_tukeys_fences.py": {"executed_lines": [], "summary": {"covered_lines": 0, "num_statements": 17, "percent_covered": 0.0, "percent_covered_display": "0.0", "missing_lines": 17, "excluded_lines": 0}, "missing_lines": [1, 3, 6, 11, 14, 20, 23, 28, 31, 34, 35, 37, 40, 60, 63, 66, 69], "excluded_lines": []}, "predictables/src/_utils.py": {"executed_lines": [1, 5, 7, 8, 9, 10, 12, 27, 53, 54, 55, 56, 57, 58, 59, 60, 61, 62, 63, 64, 65, 66, 68, 81, 112, 115, 116, 117, 118, 119, 121, 124, 125, 126, 127, 128, 129, 130, 135, 136, 137, 138, 139, 141, 144, 145, 146, 147, 148, 149, 150, 155, 156, 157, 158, 159, 161, 164, 165, 166, 167, 168, 170, 173, 174, 175, 176, 177, 179, 183, 196, 228, 231, 232, 233, 234, 240, 243, 244, 245, 246, 247, 257, 258, 259, 260, 266, 269, 270, 271, 272, 273, 283, 284, 285, 286, 292, 295, 296, 297, 298, 304, 307, 308, 309, 310, 316, 320, 333], "summary": {"covered_lines": 108, "num_statements": 129, "percent_covered": 83.72093023255815, "percent_covered_display": "83.7", "missing_lines": 21, "excluded_lines": 0}, "missing_lines": [132, 152, 235, 248, 249, 254, 261, 274, 275, 280, 287, 299, 311, 366, 367, 368, 369, 372, 375, 384, 401], "excluded_lines": []}, "predictables/src/_variance_inflation_factor.py": {"executed_lines": [], "summary": {"covered_lines": 0, "num_statements": 38, "percent_covered": 0.0, "percent_covered_display": "0.0", "missing_lines": 38, "excluded_lines": 0}, "missing_lines": [1, 3, 4, 5, 6, 9, 12, 33, 34, 37, 38, 39, 40, 41, 42, 45, 46, 47, 48, 50, 60, 63, 103, 104, 105, 106, 107, 108, 109, 110, 112, 122, 123, 124, 125, 126, 129, 134], "excluded_lines": []}, "predictables/src/tests/__init__.py": {"executed_lines": [0], "summary": {"covered_lines": 0, "num_statements": 0, "percent_covered": 100.0, "percent_covered_display": "100.0", "missing_lines": 0, "excluded_lines": 0}, "missing_lines": [], "excluded_lines": []}, "predictables/src/tests/test_utils.py": {"executed_lines": [1, 2, 3, 4, 6, 10, 11, 12, 15, 16, 17, 20, 21, 22, 25, 26, 27, 30, 31, 32, 35, 36, 37, 40, 41, 42, 45, 47, 50, 53, 56, 59, 62, 65, 68, 69, 70, 71, 76, 78, 81, 84, 85, 86, 87, 92, 95, 98, 101, 104, 107, 108, 109, 110, 115, 118, 121, 124, 127, 130, 131, 132, 133, 138, 141, 144, 145, 146, 147, 152, 155, 158, 159, 160, 161, 166, 167, 168, 169, 174, 176, 179, 180, 181, 182, 187, 190, 193, 196, 197, 198, 199, 204, 207, 210, 213, 214, 215, 216, 221, 224, 225, 226, 227, 232, 235, 236, 237, 238, 243, 244, 245, 246, 252, 253, 263, 264, 274, 275], "summary": {"covered_lines": 119, "num_statements": 135, "percent_covered": 88.14814814814815, "percent_covered_display": "88.1", "missing_lines": 16, "excluded_lines": 0}, "missing_lines": [73, 89, 112, 135, 149, 163, 171, 184, 201, 218, 229, 240, 248, 254, 265, 276], "excluded_lines": []}, "predictables/tests/__init__.py": {"executed_lines": [], "summary": {"covered_lines": 0, "num_statements": 0, "percent_covered": 100.0, "percent_covered_display": "100.0", "missing_lines": 0, "excluded_lines": 0}, "missing_lines": [], "excluded_lines": []}, "predictables/univariate/_BaseModel.py": {"executed_lines": [1, 3, 4, 5, 6, 7, 9, 16, 26, 29, 30, 36, 37, 38, 39, 40, 41, 42, 44, 45, 46, 47, 49, 51, 52, 54, 55, 58, 68, 69, 70, 71, 72, 73, 74, 77, 78, 81, 82, 87, 110, 111, 112, 115, 123, 131, 132, 133, 134, 136, 139, 145, 146, 147, 150, 204, 207, 212, 213, 216, 217, 218, 221, 224, 225, 226, 228, 229, 330, 332, 333, 340, 341, 346, 362, 374, 376, 379, 383, 384, 386, 403, 411, 414, 415, 417, 418, 421, 425, 426, 436, 461, 464, 475, 480, 498, 499, 504, 505, 511, 525, 526, 531, 532, 540, 558, 559, 560, 561], "summary": {"covered_lines": 108, "num_statements": 143, "percent_covered": 75.52447552447552, "percent_covered_display": "75.5", "missing_lines": 35, "excluded_lines": 0}, "missing_lines": [153, 154, 158, 165, 170, 172, 173, 174, 175, 176, 178, 179, 182, 185, 186, 193, 198, 201, 202, 360, 375, 377, 380, 406, 412, 422, 434, 465, 466, 467, 468, 470, 509, 538, 563], "excluded_lines": []}, "predictables/univariate/_Univariate.py": {"executed_lines": [1, 3, 4, 5, 6, 7, 8, 10, 11, 12, 18, 19, 26, 28, 31, 83, 84, 85, 86, 87, 89, 90, 91, 92, 94, 95, 99, 102, 112, 113, 114, 116, 118, 119, 121, 130, 135, 136, 140, 143, 145, 146, 147, 148, 158, 159, 162, 183, 185, 191, 192, 193, 194, 208, 209, 212, 215, 218, 222, 225, 228, 231, 235, 240, 243, 246, 250, 252, 264, 303, 363, 402, 454, 486, 563, 679], "summary": {"covered_lines": 76, "num_statements": 151, "percent_covered": 50.33112582781457, "percent_covered_display": "50.3", "missing_lines": 75, "excluded_lines": 0}, "missing_lines": [77, 78, 80, 115, 117, 199, 258, 292, 318, 319, 324, 325, 326, 333, 334, 335, 336, 338, 348, 350, 355, 361, 383, 386, 387, 389, 391, 400, 418, 419, 421, 423, 424, 430, 432, 452, 466, 469, 470, 472, 474, 484, 543, 544, 547, 548, 550, 552, 553, 561, 564, 565, 567, 568, 574, 575, 577, 578, 589, 590, 592, 694, 695, 696, 712, 713, 716, 717, 718, 719, 720, 721, 723, 726, 759], "excluded_lines": []}, "predictables/univariate/__init__.py": {"executed_lines": [1, 2], "summary": {"covered_lines": 2, "num_statements": 2, "percent_covered": 100.0, "percent_covered_display": "100.0", "missing_lines": 0, "excluded_lines": 0}, "missing_lines": [], "excluded_lines": []}, "predictables/univariate/src/__init__.py": {"executed_lines": [1, 4, 7, 10, 13, 18, 21], "summary": {"covered_lines": 7, "num_statements": 7, "percent_covered": 100.0, "percent_covered_display": "100.0", "missing_lines": 0, "excluded_lines": 0}, "missing_lines": [], "excluded_lines": []}, "predictables/univariate/src/_extract_model_params.py": {"executed_lines": [1, 2, 4, 5, 7, 9, 11, 26, 32, 66, 82, 83, 110, 126, 127, 154, 171, 172, 178, 195, 196], "summary": {"covered_lines": 21, "num_statements": 27, "percent_covered": 77.77777777777777, "percent_covered_display": "77.8", "missing_lines": 6, "excluded_lines": 0}, "missing_lines": [53, 54, 55, 58, 59, 63], "excluded_lines": []}, "predictables/univariate/src/_fit_sk_linear_regression.py": {"executed_lines": [1, 3, 4, 5, 6, 8, 11, 36, 42, 48, 51, 56, 57, 59, 64, 70], "summary": {"covered_lines": 16, "num_statements": 16, "percent_covered": 100.0, "percent_covered_display": "100.0", "missing_lines": 0, "excluded_lines": 0}, "missing_lines": [], "excluded_lines": []}, "predictables/univariate/src/_fit_sk_logistic_regression.py": {"executed_lines": [1, 3, 4, 5, 6, 8, 11, 35, 40, 46], "summary": {"covered_lines": 10, "num_statements": 10, "percent_covered": 100.0, "percent_covered_display": "100.0", "missing_lines": 0, "excluded_lines": 0}, "missing_lines": [], "excluded_lines": []}, "predictables/univariate/src/_fit_sm_linear_regression.py": {"executed_lines": [1, 3, 4, 5, 6, 8, 11, 32, 33, 34], "summary": {"covered_lines": 10, "num_statements": 10, "percent_covered": 100.0, "percent_covered_display": "100.0", "missing_lines": 0, "excluded_lines": 0}, "missing_lines": [], "excluded_lines": []}, "predictables/univariate/src/_fit_sm_logistic_regression.py": {"executed_lines": [1, 2, 4, 5, 6, 8, 10, 13, 34, 35, 36, 38, 40, 48, 49, 50, 51, 54, 63], "summary": {"covered_lines": 19, "num_statements": 23, "percent_covered": 82.6086956521739, "percent_covered_display": "82.6", "missing_lines": 4, "excluded_lines": 0}, "missing_lines": [41, 45, 55, 56], "excluded_lines": []}, "predictables/univariate/src/_get_col.py": {"executed_lines": [], "summary": {"covered_lines": 0, "num_statements": 0, "percent_covered": 100.0, "percent_covered_display": "100.0", "missing_lines": 0, "excluded_lines": 0}, "missing_lines": [], "excluded_lines": []}, "predictables/univariate/src/_get_data.py": {"executed_lines": [1, 3, 4, 6, 9, 92, 133, 136, 137, 139, 140, 142, 143, 145, 152, 191, 192, 194, 195, 197, 201, 206, 244, 245, 247, 248, 250, 254, 259, 285, 286, 287, 291, 292, 294, 295, 297], "summary": {"covered_lines": 37, "num_statements": 53, "percent_covered": 69.81132075471699, "percent_covered_display": "69.8", "missing_lines": 16, "excluded_lines": 0}, "missing_lines": [55, 56, 60, 61, 62, 64, 65, 66, 67, 68, 71, 77, 78, 87, 89, 134], "excluded_lines": []}, "predictables/univariate/src/_remove_missing_rows.py": {"executed_lines": [1, 4, 22, 23, 25], "summary": {"covered_lines": 5, "num_statements": 5, "percent_covered": 100.0, "percent_covered_display": "100.0", "missing_lines": 0, "excluded_lines": 0}, "missing_lines": [], "excluded_lines": []}, "predictables/univariate/src/_time_series_validation_filter.py": {"executed_lines": [], "summary": {"covered_lines": 0, "num_statements": 0, "percent_covered": 100.0, "percent_covered_display": "100.0", "missing_lines": 0, "excluded_lines": 0}, "missing_lines": [], "excluded_lines": []}, "predictables/univariate/src/plots/__init__.py": {"executed_lines": [1, 2, 3, 4, 5, 6], "summary": {"covered_lines": 6, "num_statements": 6, "percent_covered": 100.0, "percent_covered_display": "100.0", "missing_lines": 0, "excluded_lines": 0}, "missing_lines": [], "excluded_lines": []}, "predictables/univariate/src/plots/_categorical_lift_plot.py": {"executed_lines": [1, 3, 4, 5, 6, 8, 9, 12, 72, 142, 216], "summary": {"covered_lines": 11, "num_statements": 57, "percent_covered": 19.29824561403509, "percent_covered_display": "19.3", "missing_lines": 46, "excluded_lines": 0}, "missing_lines": [50, 51, 60, 61, 69, 95, 96, 98, 100, 101, 103, 104, 105, 107, 108, 109, 110, 111, 113, 116, 117, 118, 129, 139, 170, 171, 172, 173, 175, 177, 178, 186, 190, 205, 213, 233, 234, 235, 236, 237, 238, 240, 241, 242, 243, 245], "excluded_lines": []}, "predictables/univariate/src/plots/_cdf_plot.py": {"executed_lines": [1, 3, 4, 5, 6, 7, 8, 10, 11, 14, 77, 168, 225, 300, 332, 339, 354, 370, 374, 375, 377, 378, 380, 381, 382, 384, 385, 387, 388, 390], "summary": {"covered_lines": 30, "num_statements": 101, "percent_covered": 29.702970297029704, "percent_covered_display": "29.7", "missing_lines": 71, "excluded_lines": 0}, "missing_lines": [57, 58, 59, 61, 63, 74, 98, 99, 101, 102, 104, 106, 109, 123, 139, 140, 142, 143, 144, 146, 153, 154, 156, 157, 159, 165, 200, 201, 203, 204, 206, 208, 211, 212, 213, 214, 215, 217, 218, 219, 220, 222, 263, 264, 265, 267, 268, 270, 273, 274, 275, 276, 281, 285, 287, 292, 297, 322, 327, 328, 329, 333, 340, 341, 344, 345, 346, 347, 348, 349, 351], "excluded_lines": []}, "predictables/univariate/src/plots/_density_plot.py": {"executed_lines": [1, 3, 4, 5, 6, 7, 8, 10, 11, 14, 108, 279, 347, 449, 570, 609, 642, 724], "summary": {"covered_lines": 18, "num_statements": 165, "percent_covered": 10.909090909090908, "percent_covered_display": "10.9", "missing_lines": 147, "excluded_lines": 0}, "missing_lines": [83, 84, 99, 100, 104, 177, 178, 180, 181, 185, 186, 190, 195, 197, 202, 204, 205, 207, 208, 210, 211, 213, 216, 217, 219, 220, 221, 234, 237, 240, 258, 264, 265, 266, 268, 271, 273, 274, 276, 309, 310, 311, 312, 317, 318, 321, 322, 327, 330, 331, 332, 333, 339, 340, 344, 404, 405, 407, 409, 410, 411, 412, 413, 414, 416, 417, 419, 420, 428, 435, 445, 518, 519, 522, 523, 524, 537, 538, 539, 540, 541, 542, 543, 552, 553, 554, 555, 556, 559, 560, 567, 581, 582, 584, 587, 588, 589, 590, 591, 592, 594, 595, 599, 600, 601, 603, 604, 606, 619, 622, 623, 624, 625, 627, 628, 632, 633, 634, 636, 637, 639, 699, 700, 702, 705, 706, 707, 708, 711, 714, 716, 718, 719, 721, 750, 751, 757, 758, 759, 760, 763, 764, 765, 768, 771, 790, 808], "excluded_lines": []}, "predictables/univariate/src/plots/_quintile_lift_plot.py": {"executed_lines": [1, 3, 4, 5, 6, 7, 8, 10, 11, 13, 16, 80, 181, 253, 296, 339, 386], "summary": {"covered_lines": 17, "num_statements": 71, "percent_covered": 23.943661971830984, "percent_covered_display": "23.9", "missing_lines": 54, "excluded_lines": 0}, "missing_lines": [56, 57, 60, 62, 63, 65, 73, 122, 124, 125, 127, 129, 132, 133, 134, 135, 151, 152, 153, 154, 157, 158, 161, 176, 177, 178, 211, 213, 215, 217, 220, 221, 222, 230, 238, 239, 242, 250, 276, 283, 286, 313, 316, 321, 324, 348, 349, 358, 367, 368, 374, 381, 383, 387], "excluded_lines": []}, "predictables/univariate/src/plots/_roc_curve_plot.py": {"executed_lines": [1, 2, 3, 5, 6, 7, 8, 9, 10, 11, 13, 15, 18, 106, 130, 133, 136, 137, 139, 142, 146, 264, 335, 373, 375, 376, 377, 378, 379, 384, 385, 387, 388, 389, 391, 397, 404, 405, 410, 411, 413, 414, 415, 416, 418, 421, 483, 485, 486, 490, 493, 501, 503, 504, 509, 510, 511, 512, 513, 514, 515, 516, 517, 518, 519, 521, 522, 523, 525, 534, 543, 544, 546, 549, 585, 587, 588, 589, 590, 601, 604, 617, 620, 664, 666, 667, 668, 670, 679, 680, 685, 690, 695, 698, 700, 714, 717, 734, 737, 764, 766, 769, 770, 775, 776, 777, 778, 779, 782, 783, 785, 788, 838, 842, 843, 847, 848, 850, 852, 863, 870, 877, 878, 879, 881, 884, 944, 982, 983, 989, 990, 995, 996, 1000, 1004, 1005, 1008, 1009, 1014, 1030, 1033, 1034, 1035, 1036, 1037, 1040, 1043, 1048, 1052, 1053, 1060, 1061, 1064, 1099, 1100, 1105, 1106, 1107, 1108, 1109, 1110, 1111, 1113], "summary": {"covered_lines": 163, "num_statements": 224, "percent_covered": 72.76785714285714, "percent_covered_display": "72.8", "missing_lines": 61, "excluded_lines": 0}, "missing_lines": [71, 72, 73, 86, 87, 101, 143, 203, 204, 207, 208, 209, 210, 215, 216, 217, 218, 223, 225, 229, 230, 231, 244, 245, 247, 248, 249, 250, 251, 252, 254, 259, 312, 313, 314, 315, 316, 318, 319, 320, 321, 332, 484, 487, 488, 765, 767, 839, 937, 941, 1001, 1015, 1016, 1022, 1023, 1024, 1027, 1044, 1045, 1054, 1055], "excluded_lines": []}, "predictables/univariate/src/plots/_stacked_bar_chart.py": {"executed_lines": [1, 3, 4, 5, 6, 7, 9, 12, 43, 146], "summary": {"covered_lines": 10, "num_statements": 61, "percent_covered": 16.39344262295082, "percent_covered_display": "16.4", "missing_lines": 51, "excluded_lines": 0}, "missing_lines": [24, 35, 36, 37, 38, 40, 54, 55, 58, 64, 65, 66, 68, 70, 71, 72, 75, 76, 79, 81, 84, 88, 90, 91, 106, 122, 125, 126, 127, 130, 134, 135, 137, 139, 140, 141, 143, 155, 162, 165, 166, 176, 177, 178, 179, 180, 181, 190, 193, 208, 211], "excluded_lines": []}, "predictables/univariate/src/plots/tests/__init__.py": {"executed_lines": [0], "summary": {"covered_lines": 0, "num_statements": 0, "percent_covered": 100.0, "percent_covered_display": "100.0", "missing_lines": 0, "excluded_lines": 0}, "missing_lines": [], "excluded_lines": []}, "predictables/univariate/src/plots/tests/test_binary_color.py": {"executed_lines": [1, 2, 5, 44, 49, 55, 56, 61, 62], "summary": {"covered_lines": 9, "num_statements": 12, "percent_covered": 75.0, "percent_covered_display": "75.0", "missing_lines": 3, "excluded_lines": 0}, "missing_lines": [63, 64, 66], "excluded_lines": []}, "predictables/univariate/src/plots/tests/test_calculation_rotation_angle.py": {"executed_lines": [1, 2, 3, 6, 8, 11, 21, 22, 34, 35, 48, 49], "summary": {"covered_lines": 12, "num_statements": 46, "percent_covered": 26.08695652173913, "percent_covered_display": "26.1", "missing_lines": 34, "excluded_lines": 0}, "missing_lines": [12, 13, 14, 15, 17, 18, 23, 24, 25, 26, 27, 28, 29, 30, 31, 36, 37, 38, 39, 40, 41, 43, 44, 45, 50, 51, 52, 53, 55, 56, 57, 58, 59, 60], "excluded_lines": []}, "predictables/univariate/src/plots/tests/test_cdf_plot.py": {"executed_lines": [1, 2, 3, 4, 6, 9, 43, 44, 45, 50, 92, 93, 94, 95], "summary": {"covered_lines": 14, "num_statements": 14, "percent_covered": 100.0, "percent_covered_display": "100.0", "missing_lines": 0, "excluded_lines": 0}, "missing_lines": [], "excluded_lines": []}, "predictables/univariate/src/plots/tests/test_get_bbox.py": {"executed_lines": [1, 2, 3, 4, 9, 12, 14, 15, 18, 21, 24, 27, 30, 32, 33, 36, 39, 42, 45, 47, 49, 50, 52, 53, 56, 59, 60, 61, 69, 71, 72, 73, 75, 76, 79, 82, 85, 86, 88, 89, 90, 91, 94, 95, 96, 99, 102], "summary": {"covered_lines": 47, "num_statements": 47, "percent_covered": 100.0, "percent_covered_display": "100.0", "missing_lines": 0, "excluded_lines": 0}, "missing_lines": [], "excluded_lines": []}, "predictables/univariate/src/plots/tests/test_get_rc_params.py": {"executed_lines": [1, 2, 5, 6, 7, 10, 23, 24], "summary": {"covered_lines": 8, "num_statements": 8, "percent_covered": 100.0, "percent_covered_display": "100.0", "missing_lines": 0, "excluded_lines": 0}, "missing_lines": [], "excluded_lines": []}, "predictables/univariate/src/plots/tests/test_get_significance_band.py": {"executed_lines": [1, 2, 7, 23, 29, 30, 34, 35, 40, 41, 42, 43], "summary": {"covered_lines": 12, "num_statements": 12, "percent_covered": 100.0, "percent_covered_display": "100.0", "missing_lines": 0, "excluded_lines": 0}, "missing_lines": [], "excluded_lines": []}, "predictables/univariate/src/plots/tests/test_plot_label.py": {"executed_lines": [1, 4, 6, 7, 8, 13, 15, 16, 17, 22, 24, 25, 26, 31, 33, 34, 35, 40, 42, 43, 44, 49, 51, 52, 53], "summary": {"covered_lines": 25, "num_statements": 25, "percent_covered": 100.0, "percent_covered_display": "100.0", "missing_lines": 0, "excluded_lines": 0}, "missing_lines": [], "excluded_lines": []}, "predictables/univariate/src/plots/tests/test_rocCurvePlot_aucVariance.py": {"executed_lines": [1, 2, 4, 7, 8, 9, 10, 11, 14, 15, 17, 18, 19, 20, 23, 24, 27, 28, 30, 31, 34, 37, 38, 41, 42, 47, 48, 51, 54, 55, 58, 59, 61, 62, 63, 64, 65, 66, 67, 70, 74, 75, 76, 81, 85, 86, 87, 88, 89, 113, 124, 130, 131, 133, 138, 143, 149, 154, 159, 160, 161, 163, 164, 169, 173, 175, 176, 177, 178, 179, 180, 181, 186, 190, 191, 192, 195, 220, 226, 227, 230, 237, 241, 242, 243, 244, 249, 253, 258, 259, 261, 265, 266, 271, 273, 274, 275, 278, 281, 282], "summary": {"covered_lines": 100, "num_statements": 101, "percent_covered": 99.00990099009901, "percent_covered_display": "99.0", "missing_lines": 1, "excluded_lines": 0}, "missing_lines": [264], "excluded_lines": []}, "predictables/univariate/src/plots/tests/test_rocCurvePlot_delongTestAgainstChance.py": {"executed_lines": [1, 2, 3, 4, 5, 6, 8, 11, 12, 13, 15, 16, 19, 20, 22, 25, 26, 28, 29, 30, 31, 34, 35, 38, 39, 48, 49, 69, 70, 81, 83, 84, 85, 90, 92, 93, 96, 97, 98, 99, 102, 103, 106, 109, 112, 113, 114, 115, 116, 117, 118, 119, 120, 123, 126, 129, 132, 135, 140, 142, 144, 145, 146, 147, 150, 151, 154, 156, 157, 162, 164, 165, 166, 167, 169, 170, 175, 176, 178, 179, 180, 182, 183, 186, 188, 189, 190, 192, 193, 196, 197, 198, 200, 202, 203, 204, 205, 207, 208, 209, 210, 211, 212, 213, 216, 217, 220, 221, 222, 223], "summary": {"covered_lines": 110, "num_statements": 127, "percent_covered": 86.61417322834646, "percent_covered_display": "86.6", "missing_lines": 17, "excluded_lines": 0}, "missing_lines": [41, 42, 45, 52, 53, 58, 59, 62, 65, 66, 72, 73, 74, 75, 76, 77, 78], "excluded_lines": []}, "predictables/univariate/src/plots/tests/test_rocCurvePlot_mpl.py": {"executed_lines": [1, 2, 3, 4, 5, 9, 10, 11, 12, 13, 14, 15, 16, 20, 21, 22, 23, 27, 31, 32, 33, 34, 36, 45, 46, 48, 49, 52, 54, 55, 56, 60, 63, 64, 67, 68, 69, 70, 71, 72, 73, 74, 75, 76, 89, 90, 105, 106, 110], "summary": {"covered_lines": 49, "num_statements": 51, "percent_covered": 96.07843137254902, "percent_covered_display": "96.1", "missing_lines": 2, "excluded_lines": 0}, "missing_lines": [35, 103], "excluded_lines": []}, "predictables/univariate/src/plots/tests/test_rotate_x_labels_if_overlap.py": {"executed_lines": [0], "summary": {"covered_lines": 0, "num_statements": 0, "percent_covered": 100.0, "percent_covered_display": "100.0", "missing_lines": 0, "excluded_lines": 0}, "missing_lines": [], "excluded_lines": []}, "predictables/univariate/src/plots/tests/test_set_rc_params.py": {"executed_lines": [1, 2, 3, 6, 49, 50, 51], "summary": {"covered_lines": 7, "num_statements": 7, "percent_covered": 100.0, "percent_covered_display": "100.0", "missing_lines": 0, "excluded_lines": 0}, "missing_lines": [], "excluded_lines": []}, "predictables/univariate/src/plots/util/__init__.py": {"executed_lines": [1, 2, 3, 4, 5, 8], "summary": {"covered_lines": 6, "num_statements": 6, "percent_covered": 100.0, "percent_covered_display": "100.0", "missing_lines": 0, "excluded_lines": 0}, "missing_lines": [], "excluded_lines": []}, "predictables/univariate/src/plots/util/_binary_color.py": {"executed_lines": [1, 4, 19, 20, 21, 22, 30, 31, 32, 34, 35, 36, 37, 38, 39, 40, 42, 44], "summary": {"covered_lines": 18, "num_statements": 18, "percent_covered": 100.0, "percent_covered_display": "100.0", "missing_lines": 0, "excluded_lines": 0}, "missing_lines": [], "excluded_lines": []}, "predictables/univariate/src/plots/util/_delong.py": {"executed_lines": [], "summary": {"covered_lines": 0, "num_statements": 0, "percent_covered": 100.0, "percent_covered_display": "100.0", "missing_lines": 0, "excluded_lines": 0}, "missing_lines": [], "excluded_lines": []}, "predictables/univariate/src/plots/util/_get_rc_params.py": {"executed_lines": [1, 4, 17], "summary": {"covered_lines": 3, "num_statements": 3, "percent_covered": 100.0, "percent_covered_display": "100.0", "missing_lines": 0, "excluded_lines": 0}, "missing_lines": [], "excluded_lines": []}, "predictables/univariate/src/plots/util/_get_significance_band.py": {"executed_lines": [1, 17, 18, 19, 20, 21, 22, 23, 24, 26, 27], "summary": {"covered_lines": 11, "num_statements": 11, "percent_covered": 100.0, "percent_covered_display": "100.0", "missing_lines": 0, "excluded_lines": 0}, "missing_lines": [], "excluded_lines": []}, "predictables/univariate/src/plots/util/_plot_label.py": {"executed_lines": [1, 18, 19, 21, 22, 23, 25], "summary": {"covered_lines": 7, "num_statements": 7, "percent_covered": 100.0, "percent_covered_display": "100.0", "missing_lines": 0, "excluded_lines": 0}, "missing_lines": [], "excluded_lines": []}, "predictables/univariate/src/plots/util/_rotate_x_labels_if_overlap.py": {"executed_lines": [1, 3, 4, 6, 8, 11, 66, 96, 166, 182, 183, 185, 186, 190], "summary": {"covered_lines": 14, "num_statements": 49, "percent_covered": 28.571428571428573, "percent_covered_display": "28.6", "missing_lines": 35, "excluded_lines": 0}, "missing_lines": [63, 80, 82, 83, 85, 86, 89, 90, 92, 93, 117, 118, 119, 120, 122, 123, 124, 125, 126, 127, 128, 129, 130, 135, 136, 142, 143, 146, 148, 153, 154, 158, 159, 161, 163], "excluded_lines": []}, "predictables/univariate/src/plots/util/_set_rc_params.py": {"executed_lines": [1, 4, 23, 24, 25], "summary": {"covered_lines": 5, "num_statements": 5, "percent_covered": 100.0, "percent_covered_display": "100.0", "missing_lines": 0, "excluded_lines": 0}, "missing_lines": [], "excluded_lines": []}, "predictables/univariate/src/report/__init__.py": {"executed_lines": [], "summary": {"covered_lines": 0, "num_statements": 0, "percent_covered": 100.0, "percent_covered_display": "100.0", "missing_lines": 0, "excluded_lines": 0}, "missing_lines": [], "excluded_lines": []}, "predictables/univariate/src/report/_cdf_plot_page.py": {"executed_lines": [], "summary": {"covered_lines": 0, "num_statements": 0, "percent_covered": 100.0, "percent_covered_display": "100.0", "missing_lines": 0, "excluded_lines": 0}, "missing_lines": [], "excluded_lines": []}, "predictables/univariate/src/report/_density_plot_page.py": {"executed_lines": [], "summary": {"covered_lines": 0, "num_statements": 0, "percent_covered": 100.0, "percent_covered_display": "100.0", "missing_lines": 0, "excluded_lines": 0}, "missing_lines": [], "excluded_lines": []}, "predictables/univariate/src/report/_quintile_lift_page.py": {"executed_lines": [], "summary": {"covered_lines": 0, "num_statements": 12, "percent_covered": 0.0, "percent_covered_display": "0.0", "missing_lines": 12, "excluded_lines": 0}, "missing_lines": [1, 3, 6, 9, 15, 16, 17, 20, 21, 24, 25, 26], "excluded_lines": []}, "predictables/univariate/src/report/_results_page.py": {"executed_lines": [], "summary": {"covered_lines": 0, "num_statements": 0, "percent_covered": 100.0, "percent_covered_display": "100.0", "missing_lines": 0, "excluded_lines": 0}, "missing_lines": [], "excluded_lines": []}, "predictables/univariate/src/report/_roc_plot_page.py": {"executed_lines": [], "summary": {"covered_lines": 0, "num_statements": 0, "percent_covered": 100.0, "percent_covered_display": "100.0", "missing_lines": 0, "excluded_lines": 0}, "missing_lines": [], "excluded_lines": []}, "predictables/univariate/src/report/_title_page.py": {"executed_lines": [], "summary": {"covered_lines": 0, "num_statements": 0, "percent_covered": 100.0, "percent_covered_display": "100.0", "missing_lines": 0, "excluded_lines": 0}, "missing_lines": [], "excluded_lines": []}, "predictables/univariate/tests/__init__.py": {"executed_lines": [0], "summary": {"covered_lines": 0, "num_statements": 0, "percent_covered": 100.0, "percent_covered_display": "100.0", "missing_lines": 0, "excluded_lines": 0}, "missing_lines": [], "excluded_lines": []}, "predictables/univariate/tests/test_extract_model_params.py": {"executed_lines": [1, 2, 3, 4, 7, 8, 9, 12, 13, 14, 17, 18, 19, 20, 23, 24, 25, 70, 71, 72, 75, 77, 83, 84, 85, 88, 90, 95, 96, 97, 100, 102, 108, 109, 110, 113, 115, 120, 121, 124, 125, 129, 130, 133, 136, 139, 142, 145, 148, 151, 156, 157, 161, 162, 165, 168, 171, 174, 177, 180, 183, 188, 189, 193, 194, 199, 200, 204, 205], "summary": {"covered_lines": 69, "num_statements": 69, "percent_covered": 100.0, "percent_covered_display": "100.0", "missing_lines": 0, "excluded_lines": 0}, "missing_lines": [], "excluded_lines": []}, "predictables/univariate/tests/test_fit_sk_linear_regression.py": {"executed_lines": [1, 2, 3, 4, 5, 6, 8, 12, 13, 21, 22, 25, 26, 29, 30, 33, 34, 37, 38, 41, 42, 45, 46, 49, 66, 67, 68, 73, 90, 91, 92, 101, 102, 103, 104, 105, 111, 112, 113, 118, 119, 120, 126, 127, 128], "summary": {"covered_lines": 45, "num_statements": 45, "percent_covered": 100.0, "percent_covered_display": "100.0", "missing_lines": 0, "excluded_lines": 0}, "missing_lines": [], "excluded_lines": []}, "predictables/univariate/tests/test_fit_sk_logistic_regression.py": {"executed_lines": [1, 2, 3, 4, 5, 6, 8, 12, 13, 19, 20, 23, 24, 27, 28, 31, 32, 35, 36, 39, 40, 43, 44, 47, 64, 65, 66, 71, 88, 89, 90], "summary": {"covered_lines": 31, "num_statements": 31, "percent_covered": 100.0, "percent_covered_display": "100.0", "missing_lines": 0, "excluded_lines": 0}, "missing_lines": [], "excluded_lines": []}, "predictables/univariate/tests/test_fit_sm_linear_regression.py": {"executed_lines": [1, 2, 3, 4, 5, 6, 8, 12, 13, 21, 22, 25, 26, 29, 30, 33, 34, 37, 38, 41, 42, 45, 46, 49, 66, 67, 68, 73, 90, 91, 92], "summary": {"covered_lines": 31, "num_statements": 31, "percent_covered": 100.0, "percent_covered_display": "100.0", "missing_lines": 0, "excluded_lines": 0}, "missing_lines": [], "excluded_lines": []}, "predictables/univariate/tests/test_fit_sm_logistic_regression.py": {"executed_lines": [1, 2, 3, 4, 5, 6, 8, 12, 13, 19, 20, 23, 24, 27, 28, 31, 32, 35, 36, 39, 40, 43, 44, 47, 64, 65, 66, 71, 88, 89, 90], "summary": {"covered_lines": 31, "num_statements": 31, "percent_covered": 100.0, "percent_covered_display": "100.0", "missing_lines": 0, "excluded_lines": 0}, "missing_lines": [], "excluded_lines": []}, "predictables/univariate/tests/test_get_data.py": {"executed_lines": [1, 2, 3, 5, 13, 14, 16, 22, 25, 26, 28, 29, 32, 33, 44, 46, 47, 48, 52, 55, 61, 63, 64, 65, 67, 70, 76, 84, 86, 88, 95, 102, 103, 104, 110, 130, 132, 133, 134, 141, 161, 163, 164, 165, 172, 231, 233, 234, 235, 242, 244, 250, 253, 259, 261, 267, 270, 276, 278, 279, 282, 288, 290, 291, 294], "summary": {"covered_lines": 65, "num_statements": 67, "percent_covered": 97.01492537313433, "percent_covered_display": "97.0", "missing_lines": 2, "excluded_lines": 0}, "missing_lines": [35, 41], "excluded_lines": []}, "predictables/univariate/tests/test_remove_missing_rows.py": {"executed_lines": [1, 2, 3, 8, 10, 15, 18, 20, 26, 28, 31, 34, 37, 39, 47, 50], "summary": {"covered_lines": 16, "num_statements": 16, "percent_covered": 100.0, "percent_covered_display": "100.0", "missing_lines": 0, "excluded_lines": 0}, "missing_lines": [], "excluded_lines": []}, "predictables/univariate/tests/test_time_series_validation_filter.py": {"executed_lines": [0], "summary": {"covered_lines": 0, "num_statements": 0, "percent_covered": 100.0, "percent_covered_display": "100.0", "missing_lines": 0, "excluded_lines": 0}, "missing_lines": [], "excluded_lines": []}, "predictables/util/__init__.py": {"executed_lines": [1, 2, 3], "summary": {"covered_lines": 3, "num_statements": 3, "percent_covered": 100.0, "percent_covered_display": "100.0", "missing_lines": 0, "excluded_lines": 0}, "missing_lines": [], "excluded_lines": []}, "predictables/util/enums/_ProgrammingLanguage.py": {"executed_lines": [1, 2, 5, 6, 7, 8, 9, 10, 11, 12, 13, 14, 15, 16, 17, 18, 19, 20, 21, 22, 23, 24, 25, 26, 27, 28, 29, 30, 31, 32, 33, 34, 35, 36, 37, 38, 39, 40, 42, 43, 44, 45, 46, 48, 121, 122], "summary": {"covered_lines": 46, "num_statements": 46, "percent_covered": 100.0, "percent_covered_display": "100.0", "missing_lines": 0, "excluded_lines": 0}, "missing_lines": [], "excluded_lines": []}, "predictables/util/enums/__init__.py": {"executed_lines": [1, 2], "summary": {"covered_lines": 2, "num_statements": 2, "percent_covered": 100.0, "percent_covered_display": "100.0", "missing_lines": 0, "excluded_lines": 0}, "missing_lines": [], "excluded_lines": []}, "predictables/util/enums/_data_type.py": {"executed_lines": [1, 3, 4, 7, 8, 76, 77, 78, 79, 80, 82, 85, 88, 96, 99, 102, 105, 108, 111, 114, 117, 131, 145, 146, 160, 161, 214, 215], "summary": {"covered_lines": 27, "num_statements": 118, "percent_covered": 22.88135593220339, "percent_covered_display": "22.9", "missing_lines": 91, "excluded_lines": 0}, "missing_lines": [83, 86, 89, 90, 91, 92, 94, 97, 100, 103, 106, 109, 112, 115, 118, 119, 120, 121, 122, 123, 124, 125, 126, 127, 129, 132, 133, 134, 135, 136, 137, 138, 139, 140, 141, 143, 147, 148, 149, 150, 151, 152, 153, 154, 155, 156, 158, 162, 163, 164, 165, 178, 187, 194, 195, 196, 197, 198, 200, 201, 202, 203, 204, 206, 207, 208, 209, 210, 212, 216, 217, 218, 219, 232, 242, 251, 252, 253, 254, 255, 257, 258, 259, 260, 261, 263, 264, 265, 266, 267, 269], "excluded_lines": []}, "predictables/util/fred/__init__.py": {"executed_lines": [], "summary": {"covered_lines": 0, "num_statements": 0, "percent_covered": 100.0, "percent_covered_display": "100.0", "missing_lines": 0, "excluded_lines": 0}, "missing_lines": [], "excluded_lines": []}, "predictables/util/fred/_fred.py": {"executed_lines": [], "summary": {"covered_lines": 0, "num_statements": 0, "percent_covered": 100.0, "percent_covered_display": "100.0", "missing_lines": 0, "excluded_lines": 0}, "missing_lines": [], "excluded_lines": []}, "predictables/util/fred/src/__init__.py": {"executed_lines": [], "summary": {"covered_lines": 0, "num_statements": 2, "percent_covered": 0.0, "percent_covered_display": "0.0", "missing_lines": 2, "excluded_lines": 0}, "missing_lines": [1, 2], "excluded_lines": []}, "predictables/util/fred/src/fred_unemployment.py": {"executed_lines": [], "summary": {"covered_lines": 0, "num_statements": 45, "percent_covered": 0.0, "percent_covered_display": "0.0", "missing_lines": 45, "excluded_lines": 0}, "missing_lines": [1, 2, 3, 4, 5, 7, 10, 36, 37, 38, 46, 47, 48, 49, 54, 55, 62, 63, 64, 66, 67, 72, 73, 80, 81, 82, 84, 85, 90, 91, 98, 99, 100, 102, 105, 108, 111, 112, 121, 139, 141, 159, 160, 162, 176], "excluded_lines": []}, "predictables/util/fred/src/get_fred_data.py": {"executed_lines": [], "summary": {"covered_lines": 0, "num_statements": 8, "percent_covered": 0.0, "percent_covered_display": "0.0", "missing_lines": 8, "excluded_lines": 0}, "missing_lines": [1, 2, 3, 5, 8, 34, 35, 36], "excluded_lines": []}, "predictables/util/fred/src/get_fred_series.py": {"executed_lines": [], "summary": {"covered_lines": 0, "num_statements": 0, "percent_covered": 100.0, "percent_covered_display": "100.0", "missing_lines": 0, "excluded_lines": 0}, "missing_lines": [], "excluded_lines": []}, "predictables/util/report/_Report.py": {"executed_lines": [1, 2, 3, 4, 5, 6, 7, 9, 10, 11, 12, 13, 14, 15, 16, 17, 18, 19, 20, 21, 22, 23, 24, 25, 27, 30, 31, 117, 147, 148, 149, 151, 152, 153, 154, 155, 156, 157, 158, 159, 161, 162, 165, 167, 169, 170, 172, 175, 178, 180, 182, 183, 185, 190, 191, 192, 194, 201, 203, 208, 209, 210, 212, 219, 221, 230, 254, 255, 257, 299, 302, 304, 306, 342, 345, 347, 349, 385, 388, 390, 392, 435, 478, 521, 557, 593, 629, 670, 709, 780, 821, 880, 885, 903, 930, 973, 980, 1027, 1091, 1114, 1132, 1150, 1168, 1189, 1208], "summary": {"covered_lines": 104, "num_statements": 217, "percent_covered": 47.92626728110599, "percent_covered_display": "47.9", "missing_lines": 113, "excluded_lines": 0}, "missing_lines": [228, 303, 346, 389, 428, 431, 432, 433, 471, 474, 475, 476, 514, 517, 518, 519, 554, 555, 591, 627, 658, 659, 665, 668, 705, 706, 707, 727, 728, 744, 745, 746, 747, 748, 750, 752, 753, 755, 756, 757, 758, 761, 763, 765, 767, 768, 769, 770, 771, 772, 773, 774, 775, 776, 778, 814, 815, 816, 819, 867, 868, 870, 878, 882, 883, 900, 901, 927, 928, 960, 963, 964, 965, 966, 969, 971, 977, 978, 1006, 1007, 1008, 1011, 1023, 1025, 1032, 1033, 1075, 1077, 1078, 1080, 1081, 1085, 1086, 1087, 1088, 1089, 1107, 1110, 1111, 1112, 1129, 1130, 1147, 1148, 1165, 1166, 1184, 1185, 1187, 1205, 1206, 1223, 1224], "excluded_lines": []}, "predictables/util/report/__init__.py": {"executed_lines": [1, 2], "summary": {"covered_lines": 2, "num_statements": 2, "percent_covered": 100.0, "percent_covered_display": "100.0", "missing_lines": 0, "excluded_lines": 0}, "missing_lines": [], "excluded_lines": []}, "predictables/util/report/_asop41_page.py": {"executed_lines": [], "summary": {"covered_lines": 0, "num_statements": 0, "percent_covered": 100.0, "percent_covered_display": "100.0", "missing_lines": 0, "excluded_lines": 0}, "missing_lines": [], "excluded_lines": []}, "predictables/util/report/src/__init__.py": {"executed_lines": [1], "summary": {"covered_lines": 1, "num_statements": 1, "percent_covered": 100.0, "percent_covered_display": "100.0", "missing_lines": 0, "excluded_lines": 0}, "missing_lines": [], "excluded_lines": []}, "predictables/util/report/src/_segment_features_for_report.py": {"executed_lines": [1, 2, 3, 5, 6, 7, 9, 12, 13, 14, 15, 16, 17, 19, 20, 21, 23, 24, 25, 29, 30, 35, 36, 41, 42, 47, 53, 59, 66, 67, 73, 83, 84, 88, 89, 90, 91, 92, 93, 94, 95, 101, 102, 104, 105, 111, 112, 115, 155, 156, 158, 164, 165, 169, 178, 179, 180, 181, 182, 190, 191], "summary": {"covered_lines": 61, "num_statements": 68, "percent_covered": 89.70588235294117, "percent_covered_display": "89.7", "missing_lines": 7, "excluded_lines": 0}, "missing_lines": [48, 54, 60, 74, 77, 86, 159], "excluded_lines": []}, "predictables/util/report/src/_table_of_contents.py": {"executed_lines": [], "summary": {"covered_lines": 0, "num_statements": 20, "percent_covered": 0.0, "percent_covered_display": "0.0", "missing_lines": 20, "excluded_lines": 0}, "missing_lines": [1, 3, 4, 7, 9, 11, 12, 13, 16, 19, 22, 23, 26, 29, 32, 33, 34, 37, 38, 41], "excluded_lines": []}, "predictables/util/report/tests/test_copy.py": {"executed_lines": [1, 2, 3, 6, 7, 13, 15, 16, 17, 22, 25, 28, 31, 34, 39, 40, 45, 50, 51, 57, 59, 60, 61, 66, 69, 74, 77, 82, 85], "summary": {"covered_lines": 29, "num_statements": 29, "percent_covered": 100.0, "percent_covered_display": "100.0", "missing_lines": 0, "excluded_lines": 0}, "missing_lines": [], "excluded_lines": []}, "predictables/util/report/tests/test_heading.py": {"executed_lines": [1, 2, 5, 6, 8, 11, 22, 24, 25, 26, 27, 29, 32, 35, 38, 41, 42, 43, 46], "summary": {"covered_lines": 19, "num_statements": 19, "percent_covered": 100.0, "percent_covered_display": "100.0", "missing_lines": 0, "excluded_lines": 0}, "missing_lines": [], "excluded_lines": []}, "predictables/util/report/tests/test_init.py": {"executed_lines": [1, 2, 3, 7, 8, 9, 12, 13, 14, 17, 20, 23, 29, 36, 37, 38, 41, 44, 47, 53, 60, 61, 62, 63, 67, 74, 75, 76, 77, 81, 82, 83], "summary": {"covered_lines": 32, "num_statements": 32, "percent_covered": 100.0, "percent_covered_display": "100.0", "missing_lines": 0, "excluded_lines": 0}, "missing_lines": [], "excluded_lines": []}, "predictables/util/report/tests/test_segment_features_for_report.py": {"executed_lines": [1, 2, 8, 9, 10, 15, 25, 31, 32, 33, 36, 37, 40, 41, 46, 53, 54, 55, 56, 64, 84, 87, 88, 96, 106, 107, 108, 114, 117, 122, 131, 134, 135, 143, 154, 160, 161, 164], "summary": {"covered_lines": 38, "num_statements": 40, "percent_covered": 95.0, "percent_covered_display": "95.0", "missing_lines": 2, "excluded_lines": 0}, "missing_lines": [58, 59], "excluded_lines": []}, "predictables/util/report/tests/test_set.py": {"executed_lines": [1, 2, 3, 6, 7, 9, 12, 27, 29, 30, 33, 38, 46, 48, 49, 52, 67, 69], "summary": {"covered_lines": 18, "num_statements": 18, "percent_covered": 100.0, "percent_covered_display": "100.0", "missing_lines": 0, "excluded_lines": 0}, "missing_lines": [], "excluded_lines": []}, "predictables/util/report/tests/test_style.py": {"executed_lines": [1, 2, 5, 6, 8, 11, 22, 23, 24, 29, 30, 31, 33, 38, 39, 40], "summary": {"covered_lines": 16, "num_statements": 16, "percent_covered": 100.0, "percent_covered_display": "100.0", "missing_lines": 0, "excluded_lines": 0}, "missing_lines": [], "excluded_lines": []}, "predictables/util/src/__init__.py": {"executed_lines": [1, 2, 3, 4, 5, 6, 9, 12, 13, 14, 15, 16, 17, 18, 19, 20, 21, 22, 23], "summary": {"covered_lines": 19, "num_statements": 19, "percent_covered": 100.0, "percent_covered_display": "100.0", "missing_lines": 0, "excluded_lines": 0}, "missing_lines": [], "excluded_lines": []}, "predictables/util/src/_code.py": {"executed_lines": [1, 2, 3, 6, 37, 38, 39, 48, 76, 77, 99, 178, 203, 204, 205, 206, 207, 208, 209], "summary": {"covered_lines": 19, "num_statements": 34, "percent_covered": 55.88235294117647, "percent_covered_display": "55.9", "missing_lines": 15, "excluded_lines": 0}, "missing_lines": [41, 43, 44, 45, 151, 154, 155, 158, 159, 160, 166, 168, 171, 173, 175], "excluded_lines": []}, "predictables/util/src/_cv_filter.py": {"executed_lines": [1, 3, 4, 5, 7, 8, 9, 11, 14, 48, 49, 50, 51, 55, 56, 57, 58, 70, 105, 113, 114, 116, 118, 120, 121, 122, 124, 133, 143, 150, 179, 187, 188, 193, 194, 195, 210, 248, 255, 289, 290, 293, 295, 298, 332, 333, 336, 338], "summary": {"covered_lines": 48, "num_statements": 59, "percent_covered": 81.35593220338983, "percent_covered_display": "81.4", "missing_lines": 11, "excluded_lines": 0}, "missing_lines": [62, 63, 64, 65, 126, 127, 128, 130, 201, 202, 203], "excluded_lines": []}, "predictables/util/src/_get_column_dtype.py": {"executed_lines": [1, 3, 4, 5, 7, 10, 32, 33, 34, 35, 36, 38, 39, 40, 41, 42, 43, 44, 55, 69, 70, 71, 72, 73, 76, 90, 91, 92, 93, 94, 95, 96, 99, 116, 117, 125, 127, 130, 150, 151, 159, 160, 162, 165, 180, 181, 182, 183, 189, 190, 195, 196, 197, 198, 199, 204, 207, 210, 211, 214, 217, 219, 220, 221, 222, 227, 242, 243, 245, 246, 247, 248, 257, 273, 274, 275, 276, 277, 279, 280, 282, 285, 304, 328], "summary": {"covered_lines": 84, "num_statements": 101, "percent_covered": 83.16831683168317, "percent_covered_display": "83.2", "missing_lines": 17, "excluded_lines": 0}, "missing_lines": [45, 46, 47, 48, 49, 50, 52, 201, 224, 249, 250, 251, 252, 254, 301, 320, 343], "excluded_lines": []}, "predictables/util/src/_get_unique.py": {"executed_lines": [1, 3, 4, 6, 9, 24], "summary": {"covered_lines": 6, "num_statements": 6, "percent_covered": 100.0, "percent_covered_display": "100.0", "missing_lines": 0, "excluded_lines": 0}, "missing_lines": [], "excluded_lines": []}, "predictables/util/src/_harmonic_mean.py": {"executed_lines": [1, 3, 4, 5, 8, 24, 25, 26, 27, 28, 29, 30, 31, 32, 33, 41, 56, 57, 60, 62, 64, 65, 73, 76, 79, 82, 97, 98, 101, 104, 107, 110, 124, 125, 126, 130, 133, 136], "summary": {"covered_lines": 38, "num_statements": 46, "percent_covered": 82.6086956521739, "percent_covered_display": "82.6", "missing_lines": 8, "excluded_lines": 0}, "missing_lines": [35, 61, 63, 67, 74, 102, 127, 131], "excluded_lines": []}, "predictables/util/src/_is_all_none.py": {"executed_lines": [1, 3, 4, 5, 7, 8, 11, 15, 18, 22, 25, 29, 31, 34, 38, 39, 40, 41, 42, 45], "summary": {"covered_lines": 20, "num_statements": 22, "percent_covered": 90.9090909090909, "percent_covered_display": "90.9", "missing_lines": 2, "excluded_lines": 0}, "missing_lines": [30, 43], "excluded_lines": []}, "predictables/util/src/_load_env.py": {"executed_lines": [1, 4, 21, 23, 24, 27, 28, 29, 33, 38, 39, 43, 48, 50], "summary": {"covered_lines": 14, "num_statements": 16, "percent_covered": 87.5, "percent_covered_display": "87.5", "missing_lines": 2, "excluded_lines": 0}, "missing_lines": [34, 44], "excluded_lines": []}, "predictables/util/src/_model_name_map.py": {"executed_lines": [1, 8, 62, 64, 65, 67], "summary": {"covered_lines": 6, "num_statements": 6, "percent_covered": 100.0, "percent_covered_display": "100.0", "missing_lines": 0, "excluded_lines": 0}, "missing_lines": [], "excluded_lines": []}, "predictables/util/src/_model_object_to_model_name.py": {"executed_lines": [1, 2, 3, 4, 5, 6, 8, 11], "summary": {"covered_lines": 8, "num_statements": 22, "percent_covered": 36.36363636363637, "percent_covered_display": "36.4", "missing_lines": 14, "excluded_lines": 0}, "missing_lines": [16, 17, 18, 21, 22, 23, 24, 25, 26, 27, 28, 29, 31, 40], "excluded_lines": []}, "predictables/util/src/_monitor_resources.py": {"executed_lines": [1, 4], "summary": {"covered_lines": 2, "num_statements": 5, "percent_covered": 40.0, "percent_covered_display": "40.0", "missing_lines": 3, "excluded_lines": 0}, "missing_lines": [9, 10, 11], "excluded_lines": []}, "predictables/util/src/_performance_testing.py": {"executed_lines": [1, 2, 5], "summary": {"covered_lines": 3, "num_statements": 7, "percent_covered": 42.857142857142854, "percent_covered_display": "42.9", "missing_lines": 4, "excluded_lines": 0}, "missing_lines": [19, 20, 21, 22], "excluded_lines": []}, "predictables/util/src/_profiler.py": {"executed_lines": [1, 2, 3, 4, 5, 6, 8, 12, 14, 17], "summary": {"covered_lines": 10, "num_statements": 36, "percent_covered": 27.77777777777778, "percent_covered_display": "27.8", "missing_lines": 26, "excluded_lines": 0}, "missing_lines": [21, 22, 23, 24, 26, 30, 31, 34, 36, 43, 44, 45, 48, 51, 52, 53, 54, 55, 57, 58, 59, 60, 64, 65, 66, 68], "excluded_lines": []}, "predictables/util/src/_select_cols_by_dtype.py": {"executed_lines": [1, 3, 4, 6, 7, 10], "summary": {"covered_lines": 6, "num_statements": 12, "percent_covered": 50.0, "percent_covered_display": "50.0", "missing_lines": 6, "excluded_lines": 0}, "missing_lines": [43, 44, 51, 57, 62, 69], "excluded_lines": []}, "predictables/util/src/_to_pd.py": {"executed_lines": [1, 3, 4, 5, 8, 12, 13, 14, 15, 16, 17, 18, 19, 20, 21, 22, 23, 25, 28, 32, 33, 34, 35, 38, 39, 41, 42, 44, 46], "summary": {"covered_lines": 29, "num_statements": 32, "percent_covered": 90.625, "percent_covered_display": "90.6", "missing_lines": 3, "excluded_lines": 0}, "missing_lines": [36, 40, 43], "excluded_lines": []}, "predictables/util/src/_to_pl.py": {"executed_lines": [1, 3, 4, 5, 8, 12, 13, 14, 15, 16, 17, 18, 19, 20, 21, 22, 23, 25, 28, 32, 33, 34, 35, 36, 37, 38, 39, 40, 41, 42, 43, 45, 48, 52, 53, 59, 60, 61, 62, 63, 64, 65, 66, 69], "summary": {"covered_lines": 44, "num_statements": 49, "percent_covered": 89.79591836734694, "percent_covered_display": "89.8", "missing_lines": 5, "excluded_lines": 0}, "missing_lines": [54, 55, 57, 58, 67], "excluded_lines": []}, "predictables/util/src/_tqdm_func.py": {"executed_lines": [1, 2, 4, 5, 6, 9, 13, 52, 55, 58, 64, 71, 73, 79, 84, 87, 88], "summary": {"covered_lines": 17, "num_statements": 23, "percent_covered": 73.91304347826087, "percent_covered_display": "73.9", "missing_lines": 6, "excluded_lines": 0}, "missing_lines": [10, 59, 65, 74, 80, 90], "excluded_lines": []}, "predictables/util/src/logging/_DebugLogger.py": {"executed_lines": [1, 2, 3, 4, 5, 7, 9, 11, 14, 15, 20, 21, 23, 32, 36, 40, 45, 46, 47, 53, 56, 63, 72, 75, 79, 81, 88], "summary": {"covered_lines": 26, "num_statements": 37, "percent_covered": 70.27027027027027, "percent_covered_display": "70.3", "missing_lines": 11, "excluded_lines": 0}, "missing_lines": [41, 42, 43, 54, 60, 61, 73, 85, 86, 92, 93], "excluded_lines": []}, "predictables/util/src/logging/_Log.py": {"executed_lines": [1, 2, 3, 4, 5, 6, 8, 11, 12, 25, 29, 38, 41, 44, 47, 50, 53], "summary": {"covered_lines": 17, "num_statements": 32, "percent_covered": 53.125, "percent_covered_display": "53.1", "missing_lines": 15, "excluded_lines": 0}, "missing_lines": [13, 27, 30, 31, 32, 33, 34, 35, 36, 39, 42, 45, 48, 51, 54], "excluded_lines": []}, "predictables/util/src/logging/_LogLevel.py": {"executed_lines": [1, 4, 5, 47, 48, 49, 50, 51, 53, 54, 55, 73, 75, 76, 79, 80, 88, 89, 92, 93, 95, 98, 101, 104, 105, 106, 108, 109], "summary": {"covered_lines": 27, "num_statements": 38, "percent_covered": 71.05263157894737, "percent_covered_display": "71.1", "missing_lines": 11, "excluded_lines": 0}, "missing_lines": [77, 81, 82, 83, 84, 86, 90, 96, 99, 102, 110], "excluded_lines": []}, "predictables/util/src/logging/_Logger.py": {"executed_lines": [1, 2, 3, 4, 5, 7, 10, 11, 45, 83, 98, 113, 128, 143], "summary": {"covered_lines": 14, "num_statements": 39, "percent_covered": 35.8974358974359, "percent_covered_display": "35.9", "missing_lines": 25, "excluded_lines": 0}, "missing_lines": [33, 34, 37, 38, 41, 42, 43, 61, 62, 63, 66, 67, 70, 73, 74, 75, 76, 78, 80, 81, 96, 111, 126, 141, 156], "excluded_lines": []}, "predictables/util/src/logging/__init__.py": {"executed_lines": [1, 2, 3], "summary": {"covered_lines": 3, "num_statements": 3, "percent_covered": 100.0, "percent_covered_display": "100.0", "missing_lines": 0, "excluded_lines": 0}, "missing_lines": [], "excluded_lines": []}, "predictables/util/src/pareto_sort/__init__.py": {"executed_lines": [], "summary": {"covered_lines": 0, "num_statements": 0, "percent_covered": 100.0, "percent_covered_display": "100.0", "missing_lines": 0, "excluded_lines": 0}, "missing_lines": [], "excluded_lines": []}, "predictables/util/src/pareto_sort/_is_dominated.py": {"executed_lines": [], "summary": {"covered_lines": 0, "num_statements": 5, "percent_covered": 0.0, "percent_covered_display": "0.0", "missing_lines": 5, "excluded_lines": 0}, "missing_lines": [1, 3, 4, 7, 25], "excluded_lines": []}, "predictables/util/src/pareto_sort/_non_dominated.py": {"executed_lines": [], "summary": {"covered_lines": 0, "num_statements": 5, "percent_covered": 0.0, "percent_covered_display": "0.0", "missing_lines": 5, "excluded_lines": 0}, "missing_lines": [1, 3, 5, 8, 23], "excluded_lines": []}, "predictables/util/src/pareto_sort/_pareto_sort.py": {"executed_lines": [], "summary": {"covered_lines": 0, "num_statements": 12, "percent_covered": 0.0, "percent_covered_display": "0.0", "missing_lines": 12, "excluded_lines": 0}, "missing_lines": [1, 3, 5, 10, 28, 29, 30, 31, 32, 33, 35, 38], "excluded_lines": []}, "predictables/util/src/tests/__init__.py": {"executed_lines": [0], "summary": {"covered_lines": 0, "num_statements": 0, "percent_covered": 100.0, "percent_covered_display": "100.0", "missing_lines": 0, "excluded_lines": 0}, "missing_lines": [], "excluded_lines": []}, "predictables/util/src/tests/test_ProgrammingLanguage.py": {"executed_lines": [1, 3, 8, 91, 92, 95, 104, 105, 108, 109, 110, 115, 116], "summary": {"covered_lines": 13, "num_statements": 13, "percent_covered": 100.0, "percent_covered_display": "100.0", "missing_lines": 0, "excluded_lines": 0}, "missing_lines": [], "excluded_lines": []}, "predictables/util/src/tests/test_code.py": {"executed_lines": [1, 3, 5, 12, 68, 75, 76, 80, 86, 99, 100, 101, 153, 210, 211, 212], "summary": {"covered_lines": 16, "num_statements": 16, "percent_covered": 100.0, "percent_covered_display": "100.0", "missing_lines": 0, "excluded_lines": 0}, "missing_lines": [], "excluded_lines": []}, "predictables/util/src/tests/test_cv_filter.py": {"executed_lines": [0], "summary": {"covered_lines": 0, "num_statements": 0, "percent_covered": 100.0, "percent_covered_display": "100.0", "missing_lines": 0, "excluded_lines": 0}, "missing_lines": [], "excluded_lines": []}, "predictables/util/src/tests/test_filter_by_cv_fold.py": {"executed_lines": [1, 2, 3, 4, 5, 7, 10, 11, 12, 15, 16, 17, 20, 21, 22, 25, 40, 41, 42, 43, 46, 47, 48, 49, 50, 51, 53, 54, 55, 56, 57, 58, 60, 68, 69, 70, 71, 72, 76, 77, 81, 82, 85, 104, 105, 106, 107, 117, 118, 119, 120, 121, 122, 124, 125, 126, 127, 128, 129, 131, 140, 141, 143, 144, 148, 149, 153, 154], "summary": {"covered_lines": 68, "num_statements": 68, "percent_covered": 100.0, "percent_covered_display": "100.0", "missing_lines": 0, "excluded_lines": 0}, "missing_lines": [], "excluded_lines": []}, "predictables/util/src/tests/test_get_column_dtype.py": {"executed_lines": [1, 3, 4, 5, 7, 17, 18, 22, 25, 26, 30, 33, 34, 38, 41, 42, 46, 49, 50, 55, 58, 59, 63, 66, 67, 71, 74, 75, 80, 83, 84, 88, 91, 92, 96, 107, 108, 112, 123, 124, 128, 140, 141, 145, 156, 157, 161, 172, 173, 177, 182, 183, 187, 193, 194, 198, 203, 204, 208, 213, 214, 218, 224, 225, 230, 233, 234, 239, 242, 243, 248, 251, 252, 256, 259, 260, 265, 268, 269, 274, 277, 278, 282, 285, 286, 290, 293, 294, 298, 301, 302, 306, 345, 386, 387, 389, 390, 394, 400, 444, 445, 447, 448, 452, 458, 502, 503, 505, 506, 508, 514, 554, 555, 557, 558, 562, 568, 608, 609, 611, 612, 616, 622, 662, 663, 665], "summary": {"covered_lines": 126, "num_statements": 126, "percent_covered": 100.0, "percent_covered_display": "100.0", "missing_lines": 0, "excluded_lines": 0}, "missing_lines": [], "excluded_lines": []}, "predictables/util/src/tests/test_harmonic_mean.py": {"executed_lines": [1, 2, 3, 5, 13, 15, 18, 21, 24, 27, 31, 34, 37, 40, 43, 48, 49, 50, 53, 56, 59, 62, 66, 69, 72, 75, 78, 83, 84, 85, 88, 91, 94, 97, 101, 104, 107, 110, 113, 118, 119, 120, 123, 126, 129, 132, 136, 139, 142, 145, 148, 153, 154, 155, 165, 170, 171, 172, 177, 178, 180, 183, 186, 189, 192, 196, 199, 202, 205, 208], "summary": {"covered_lines": 70, "num_statements": 70, "percent_covered": 100.0, "percent_covered_display": "100.0", "missing_lines": 0, "excluded_lines": 0}, "missing_lines": [], "excluded_lines": []}, "predictables/util/src/tests/test_is_all_none.py": {"executed_lines": [1, 2, 3, 4, 6, 7, 16, 17, 18, 19, 20, 21, 23, 26, 27, 28, 29, 31, 32, 37, 38, 39, 40, 43, 44, 49, 50, 51, 52, 54, 55, 60, 61, 62, 63, 66, 67, 81, 82, 83, 84, 89, 90, 93, 94, 95, 97, 98], "summary": {"covered_lines": 48, "num_statements": 49, "percent_covered": 97.95918367346938, "percent_covered_display": "98.0", "missing_lines": 1, "excluded_lines": 0}, "missing_lines": [91], "excluded_lines": []}, "predictables/util/src/tests/test_load_env.py": {"executed_lines": [1, 2, 3, 6, 7, 8, 10, 11, 13, 19, 20, 23, 24, 25, 26, 27, 28, 31, 32, 33, 34, 35, 36, 37, 40, 41, 42, 43, 44, 45, 50, 51, 52, 53, 54, 55, 56, 61, 62, 63, 64, 65, 68, 69, 74, 75, 76, 77, 78, 82, 83, 84], "summary": {"covered_lines": 52, "num_statements": 52, "percent_covered": 100.0, "percent_covered_display": "100.0", "missing_lines": 0, "excluded_lines": 0}, "missing_lines": [], "excluded_lines": []}, "predictables/util/src/tests/test_model_name_map.py": {"executed_lines": [1, 2, 5, 60, 61, 64, 65, 118, 121, 122, 123], "summary": {"covered_lines": 11, "num_statements": 11, "percent_covered": 100.0, "percent_covered_display": "100.0", "missing_lines": 0, "excluded_lines": 0}, "missing_lines": [], "excluded_lines": []}, "predictables/util/src/tests/test_model_object_to_model_name.py": {"executed_lines": [0], "summary": {"covered_lines": 0, "num_statements": 0, "percent_covered": 100.0, "percent_covered_display": "100.0", "missing_lines": 0, "excluded_lines": 0}, "missing_lines": [], "excluded_lines": []}, "predictables/util/src/tests/test_monitor_resources.py": {"executed_lines": [0], "summary": {"covered_lines": 0, "num_statements": 0, "percent_covered": 100.0, "percent_covered_display": "100.0", "missing_lines": 0, "excluded_lines": 0}, "missing_lines": [], "excluded_lines": []}, "predictables/util/src/tests/test_performance_testing.py": {"executed_lines": [0], "summary": {"covered_lines": 0, "num_statements": 0, "percent_covered": 100.0, "percent_covered_display": "100.0", "missing_lines": 0, "excluded_lines": 0}, "missing_lines": [], "excluded_lines": []}, "predictables/util/src/tests/test_to_pd.py": {"executed_lines": [3, 4, 5, 6, 8, 11, 12, 13, 14, 15, 16, 17, 18, 21, 31, 32, 33, 34, 35, 36, 37, 38, 39, 40, 41, 42, 43, 46, 47, 48, 53, 54, 55, 58, 59, 60, 63, 64, 65, 68, 69, 70, 71], "summary": {"covered_lines": 43, "num_statements": 43, "percent_covered": 100.0, "percent_covered_display": "100.0", "missing_lines": 0, "excluded_lines": 0}, "missing_lines": [], "excluded_lines": []}, "predictables/util/src/tests/test_to_pl.py": {"executed_lines": [3, 4, 5, 6, 8, 11, 22, 23, 24, 25, 26, 33, 34, 41, 42, 43, 44, 45, 46, 48, 51, 62, 63, 64, 65, 66, 73, 74, 81, 82, 83, 84, 85, 86, 88, 91, 92, 93, 94, 95, 96, 97, 98, 100, 103, 104, 105, 106, 108, 109, 112, 113, 117, 122, 123, 124, 125, 127, 128, 131, 132, 136, 141, 142, 143, 144, 146, 147, 150, 155, 156, 157, 158], "summary": {"covered_lines": 73, "num_statements": 73, "percent_covered": 100.0, "percent_covered_display": "100.0", "missing_lines": 0, "excluded_lines": 0}, "missing_lines": [], "excluded_lines": []}, "predictables/util/stats/__init__.py": {"executed_lines": [1], "summary": {"covered_lines": 1, "num_statements": 1, "percent_covered": 100.0, "percent_covered_display": "100.0", "missing_lines": 0, "excluded_lines": 0}, "missing_lines": [], "excluded_lines": []}, "predictables/util/stats/src/__init__.py": {"executed_lines": [1, 2, 3], "summary": {"covered_lines": 3, "num_statements": 3, "percent_covered": 100.0, "percent_covered_display": "100.0", "missing_lines": 0, "excluded_lines": 0}, "missing_lines": [], "excluded_lines": []}, "predictables/util/stats/src/_gini_coefficient.py": {"executed_lines": [1], "summary": {"covered_lines": 1, "num_statements": 3, "percent_covered": 33.333333333333336, "percent_covered_display": "33.3", "missing_lines": 2, "excluded_lines": 0}, "missing_lines": [18, 21], "excluded_lines": []}, "predictables/util/stats/src/_informedness.py": {"executed_lines": [1, 4, 8, 9], "summary": {"covered_lines": 4, "num_statements": 4, "percent_covered": 100.0, "percent_covered_display": "100.0", "missing_lines": 0, "excluded_lines": 0}, "missing_lines": [], "excluded_lines": []}, "predictables/util/stats/src/_kl_divergence.py": {"executed_lines": [1, 3, 4, 5, 7, 10], "summary": {"covered_lines": 6, "num_statements": 10, "percent_covered": 60.0, "percent_covered_display": "60.0", "missing_lines": 4, "excluded_lines": 0}, "missing_lines": [30, 33, 34, 37], "excluded_lines": []}, "predictables/util/stats/src/tests/__init__.py": {"executed_lines": [0], "summary": {"covered_lines": 0, "num_statements": 0, "percent_covered": 100.0, "percent_covered_display": "100.0", "missing_lines": 0, "excluded_lines": 0}, "missing_lines": [], "excluded_lines": []}, "predictables/util/stats/src/tests/test_informedness.py": {"executed_lines": [1, 3, 11, 12, 13, 14, 17, 18, 19, 20, 23, 24, 25, 26], "summary": {"covered_lines": 14, "num_statements": 14, "percent_covered": 100.0, "percent_covered_display": "100.0", "missing_lines": 0, "excluded_lines": 0}, "missing_lines": [], "excluded_lines": []}, "predictables/util/stats/src/tests/test_kl_divergence.py": {"executed_lines": [0], "summary": {"covered_lines": 0, "num_statements": 0, "percent_covered": 100.0, "percent_covered_display": "100.0", "missing_lines": 0, "excluded_lines": 0}, "missing_lines": [], "excluded_lines": []}, "predictables/util/testing/__init__.py": {"executed_lines": [2], "summary": {"covered_lines": 1, "num_statements": 1, "percent_covered": 100.0, "percent_covered_display": "100.0", "missing_lines": 0, "excluded_lines": 0}, "missing_lines": [], "excluded_lines": []}, "predictables/util/testing/_assert_df_size_change.py": {"executed_lines": [1, 3, 4, 6, 9, 59], "summary": {"covered_lines": 6, "num_statements": 26, "percent_covered": 23.076923076923077, "percent_covered_display": "23.1", "missing_lines": 20, "excluded_lines": 0}, "missing_lines": [50, 51, 52, 53, 54, 56, 105, 106, 108, 109, 115, 122, 123, 124, 126, 128, 129, 130, 137, 143], "excluded_lines": []}}, "totals": {"covered_lines": 3211, "num_statements": 4871, "percent_covered": 65.92075549168548, "percent_covered_display": "65.9", "missing_lines": 1660, "excluded_lines": 0}}